#
# There is insufficient memory for the Java Runtime Environment to continue.
# Native memory allocation (mmap) failed to map 264241152 bytes for G1 virtual space
# Possible reasons:
#   The system is out of physical RAM or swap space
#   The process is running with CompressedOops enabled, and the Java Heap may be blocking the growth of the native heap
# Possible solutions:
#   Reduce memory load on the system
#   Increase physical memory or swap space
#   Check if swap backing store is full
#   Decrease Java heap size (-Xmx/-Xms)
#   Decrease number of Java threads
#   Decrease Java thread stack sizes (-Xss)
#   Set larger code cache with -XX:ReservedCodeCacheSize=
#   JVM is running with Zero Based Compressed Oops mode in which the Java heap is
#     placed in the first 32GB address space. The Java Heap base address is the
#     maximum limit for the native heap growth. Please use -XX:HeapBaseMinAddress
#     to set the Java Heap base and to place the Java Heap above 32GB virtual address.
# This output file may be truncated or incomplete.
#
#  Out of Memory Error (os_windows.cpp:3829), pid=40492, tid=29420
#
# JRE version:  (17.0.8.1+7) (build )
# Java VM: OpenJDK 64-Bit Server VM (17.0.8.1+7-b1000.32, mixed mode, sharing, tiered, compressed oops, compressed class ptrs, g1 gc, windows-amd64)
# No core dump will be written. Minidumps are not enabled by default on client versions of Windows
#

---------------  S U M M A R Y ------------

Command Line: git4idea.http.GitAskPassApp Username for 'https://github.com': 

Host: 11th Gen Intel(R) Core(TM) i7-1185G7 @ 3.00GHz, 8 cores, 15G,  Windows 10 , 64 bit Build 19041 (10.0.19041.3636)
Time: Sun Nov  5 15:49:33 2023 Turkey Standard Time elapsed time: 0.048266 seconds (0d 0h 0m 0s)

---------------  T H R E A D  ---------------

Current thread (0x000001ea73bdaf00):  JavaThread "Unknown thread" [_thread_in_vm, id=29420, stack(0x000000193ca00000,0x000000193cb00000)]

Stack: [0x000000193ca00000,0x000000193cb00000]
Native frames: (J=compiled Java code, j=interpreted, Vv=VM code, C=native code)
V  [jvm.dll+0x6852da]
V  [jvm.dll+0x844c84]
V  [jvm.dll+0x84659e]
V  [jvm.dll+0x846c03]
V  [jvm.dll+0x24b7cf]
V  [jvm.dll+0x682049]
V  [jvm.dll+0x67671a]
V  [jvm.dll+0x30be2b]
V  [jvm.dll+0x3132d6]
V  [jvm.dll+0x36302e]
V  [jvm.dll+0x36325f]
V  [jvm.dll+0x2e1f48]
V  [jvm.dll+0x2e2eb4]
V  [jvm.dll+0x815c11]
V  [jvm.dll+0x370df1]
V  [jvm.dll+0x7f4fdc]
V  [jvm.dll+0x3f3f1f]
V  [jvm.dll+0x3f5b31]
C  [jli.dll+0x528f]
C  [ucrtbase.dll+0x21bb2]
C  [KERNEL32.DLL+0x17344]
C  [ntdll.dll+0x526b1]


---------------  P R O C E S S  ---------------

Threads class SMR info:
_java_thread_list=0x00007ffc62a000d8, length=0, elements={
}

Java Threads: ( => current thread )

Other Threads:
  0x000001ea73c470c0 GCTaskThread "GC Thread#0" [stack: 0x000000193cb00000,0x000000193cc00000] [id=27152]
  0x000001ea73c57930 ConcurrentGCThread "G1 Main Marker" [stack: 0x000000193cc00000,0x000000193cd00000] [id=25244]
  0x000001ea73c58cc0 ConcurrentGCThread "G1 Conc#0" [stack: 0x000000193cd00000,0x000000193ce00000] [id=1468]

[error occurred during error reporting (printing all threads), id 0xc0000005, EXCEPTION_ACCESS_VIOLATION (0xc0000005) at pc=0x00007ffc621b2ab7]

VM state: not at safepoint (not fully initialized)

VM Mutex/Monitor currently owned by a thread:  ([mutex/lock_event])
[0x000001ea73bd4ef0] Heap_lock - owner thread: 0x000001ea73bdaf00

Heap address: 0x0000000704e00000, size: 4018 MB, Compressed Oops mode: Zero based, Oop shift amount: 3

CDS archive(s) mapped at: [0x0000000000000000-0x0000000000000000-0x0000000000000000), size 0, SharedBaseAddress: 0x0000000800000000, ArchiveRelocationMode: 1.
Narrow klass base: 0x0000000000000000, Narrow klass shift: 0, Narrow klass range: 0x0

GC Precious Log:
<Empty>

Heap:
 garbage-first heap   total 0K, used 0K [0x0000000704e00000, 0x0000000800000000)
  region size 2048K, 0 young (0K), 0 survivors (0K)
 Metaspace       used 0K, committed 0K, reserved 0K
  class space    used 0K, committed 0K, reserved 0K

Heap Regions: E=young(eden), S=young(survivor), O=old, HS=humongous(starts), HC=humongous(continues), CS=collection set, F=free, OA=open archive, CA=closed archive, TAMS=top-at-mark-start (previous, next)

Card table byte_map: [0x000001ea77e20000,0x000001ea78600000] _byte_map_base: 0x000001ea745f9000

Marking Bits (Prev, Next): (CMBitMap*) 0x000001ea73c474f0, (CMBitMap*) 0x000001ea73c47530
 Prev Bits: [0x000001ea78de0000, 0x000001ea7cca8000)
 Next Bits: [0x000001ea0f000000, 0x000001ea12ec8000)

GC Heap History (0 events):
No events

Dll operation events (1 events):
Event: 0.034 Loaded shared library C:\Program Files\JetBrains\IntelliJ IDEA 2023.2.2\jbr\bin\java.dll

Deoptimization events (0 events):
No events

Classes unloaded (0 events):
No events

Classes redefined (0 events):
No events

Internal exceptions (0 events):
No events

VM Operations (0 events):
No events

Events (0 events):
No events


Dynamic libraries:
0x00007ff78b630000 - 0x00007ff78b63a000 	C:\Program Files\JetBrains\IntelliJ IDEA 2023.2.2\jbr\bin\java.exe
0x00007ffd173d0000 - 0x00007ffd175c8000 	C:\WINDOWS\SYSTEM32\ntdll.dll
0x00007ffd160e0000 - 0x00007ffd1619d000 	C:\WINDOWS\System32\KERNEL32.DLL
0x00007ffd14ab0000 - 0x00007ffd14da6000 	C:\WINDOWS\System32\KERNELBASE.dll
0x0000000050d60000 - 0x0000000050dfe000 	C:\ProgramData\Symantec\Symantec Endpoint Protection\14.3.9681.7000.105\Data\Sysfer\x64\sysfer.dll
0x00007ffd14e70000 - 0x00007ffd14f70000 	C:\WINDOWS\System32\ucrtbase.dll
0x00007ffcfe570000 - 0x00007ffcfe587000 	C:\Program Files\JetBrains\IntelliJ IDEA 2023.2.2\jbr\bin\jli.dll
0x00007ffcff220000 - 0x00007ffcff23b000 	C:\Program Files\JetBrains\IntelliJ IDEA 2023.2.2\jbr\bin\VCRUNTIME140.dll
0x00007ffd16c70000 - 0x00007ffd16e0e000 	C:\WINDOWS\System32\USER32.dll
0x00007ffd14f70000 - 0x00007ffd14f92000 	C:\WINDOWS\System32\win32u.dll
0x00007ffd160b0000 - 0x00007ffd160dc000 	C:\WINDOWS\System32\GDI32.dll
0x00007ffcf1cd0000 - 0x00007ffcf1f6a000 	C:\WINDOWS\WinSxS\amd64_microsoft.windows.common-controls_6595b64144ccf1df_6.0.19041.3636_none_60b6a03d71f818d5\COMCTL32.dll
0x00007ffd15060000 - 0x00007ffd1517a000 	C:\WINDOWS\System32\gdi32full.dll
0x00007ffd15180000 - 0x00007ffd1521d000 	C:\WINDOWS\System32\msvcp_win.dll
0x00007ffd154e0000 - 0x00007ffd1557e000 	C:\WINDOWS\System32\msvcrt.dll
0x00007ffd17300000 - 0x00007ffd17308000 	C:\WINDOWS\System32\psapi.dll
0x00007ffd15760000 - 0x00007ffd15790000 	C:\WINDOWS\System32\IMM32.DLL
0x0000000050ce0000 - 0x0000000050d52000 	C:\WINDOWS\System32\QIPCAP64.dll
0x00007ffd15940000 - 0x00007ffd16084000 	C:\WINDOWS\System32\SHELL32.dll
0x00007ffd15430000 - 0x00007ffd154de000 	C:\WINDOWS\System32\ADVAPI32.dll
0x00007ffd16ff0000 - 0x00007ffd1708c000 	C:\WINDOWS\System32\sechost.dll
0x00007ffd17090000 - 0x00007ffd171b6000 	C:\WINDOWS\System32\RPCRT4.dll
0x00007ffd13f00000 - 0x00007ffd13fca000 	C:\WINDOWS\SYSTEM32\DNSAPI.dll
0x00007ffd13eb0000 - 0x00007ffd13eeb000 	C:\WINDOWS\SYSTEM32\IPHLPAPI.DLL
0x00007ffd17280000 - 0x00007ffd17288000 	C:\WINDOWS\System32\NSI.dll
0x00007ffd111c0000 - 0x00007ffd111cc000 	C:\Program Files\JetBrains\IntelliJ IDEA 2023.2.2\jbr\bin\vcruntime140_1.dll
0x00007ffcab250000 - 0x00007ffcab2dd000 	C:\Program Files\JetBrains\IntelliJ IDEA 2023.2.2\jbr\bin\msvcp140.dll
0x00007ffc61ec0000 - 0x00007ffc62b43000 	C:\Program Files\JetBrains\IntelliJ IDEA 2023.2.2\jbr\bin\server\jvm.dll
0x00007ffd13fd0000 - 0x00007ffd1401b000 	C:\WINDOWS\SYSTEM32\POWRPROF.dll
0x00007ffcf03d0000 - 0x00007ffcf03d9000 	C:\WINDOWS\SYSTEM32\WSOCK32.dll
0x00007ffd17290000 - 0x00007ffd172fb000 	C:\WINDOWS\System32\WS2_32.dll
0x00007ffd02860000 - 0x00007ffd02887000 	C:\WINDOWS\SYSTEM32\WINMM.dll
0x00007ffd12410000 - 0x00007ffd1241a000 	C:\WINDOWS\SYSTEM32\VERSION.dll
0x00007ffd13e90000 - 0x00007ffd13ea2000 	C:\WINDOWS\SYSTEM32\UMPDC.dll
0x00007ffd13210000 - 0x00007ffd13222000 	C:\WINDOWS\SYSTEM32\kernel.appcore.dll
0x00007ffd0c740000 - 0x00007ffd0c74a000 	C:\Program Files\JetBrains\IntelliJ IDEA 2023.2.2\jbr\bin\jimage.dll
0x00007ffd121e0000 - 0x00007ffd123c4000 	C:\WINDOWS\SYSTEM32\DBGHELP.DLL
0x00007ffcf3e30000 - 0x00007ffcf3e64000 	C:\WINDOWS\SYSTEM32\dbgcore.DLL
0x00007ffd14fd0000 - 0x00007ffd15052000 	C:\WINDOWS\System32\bcryptPrimitives.dll
0x00007ffccd440000 - 0x00007ffccd465000 	C:\Program Files\JetBrains\IntelliJ IDEA 2023.2.2\jbr\bin\java.dll

dbghelp: loaded successfully - version: 4.0.5 - missing functions: none
symbol engine: initialized successfully - sym options: 0x614 - pdb path: .;C:\Program Files\JetBrains\IntelliJ IDEA 2023.2.2\jbr\bin;C:\WINDOWS\SYSTEM32;C:\ProgramData\Symantec\Symantec Endpoint Protection\14.3.9681.7000.105\Data\Sysfer\x64;C:\WINDOWS\WinSxS\amd64_microsoft.windows.common-controls_6595b64144ccf1df_6.0.19041.3636_none_60b6a03d71f818d5;C:\Program Files\JetBrains\IntelliJ IDEA 2023.2.2\jbr\bin\server

VM Arguments:
java_command: git4idea.http.GitAskPassApp Username for 'https://github.com': 
java_class_path (initial): C:/Program Files/JetBrains/IntelliJ IDEA 2023.2.2/plugins/vcs-git/lib/git4idea-rt.jar;C:/Program Files/JetBrains/IntelliJ IDEA 2023.2.2/lib/externalProcess-rt.jar
Launcher Type: SUN_STANDARD

[Global flags]
     intx CICompilerCount                          = 4                                         {product} {ergonomic}
     uint ConcGCThreads                            = 2                                         {product} {ergonomic}
     uint G1ConcRefinementThreads                  = 8                                         {product} {ergonomic}
   size_t G1HeapRegionSize                         = 2097152                                   {product} {ergonomic}
    uintx GCDrainStackTargetSize                   = 64                                        {product} {ergonomic}
   size_t InitialHeapSize                          = 264241152                                 {product} {ergonomic}
   size_t MarkStackSize                            = 4194304                                   {product} {ergonomic}
   size_t MaxHeapSize                              = 4213178368                                {product} {ergonomic}
   size_t MinHeapDeltaBytes                        = 2097152                                   {product} {ergonomic}
   size_t MinHeapSize                              = 8388608                                   {product} {ergonomic}
    uintx NonNMethodCodeHeapSize                   = 5839372                                {pd product} {ergonomic}
    uintx NonProfiledCodeHeapSize                  = 122909434                              {pd product} {ergonomic}
    uintx ProfiledCodeHeapSize                     = 122909434                              {pd product} {ergonomic}
    uintx ReservedCodeCacheSize                    = 251658240                              {pd product} {ergonomic}
     bool SegmentedCodeCache                       = true                                      {product} {ergonomic}
   size_t SoftMaxHeapSize                          = 4213178368                             {manageable} {ergonomic}
     bool UseCompressedClassPointers               = true                           {product lp64_product} {ergonomic}
     bool UseCompressedOops                        = true                           {product lp64_product} {ergonomic}
     bool UseG1GC                                  = true                                      {product} {ergonomic}
     bool UseLargePagesIndividualAllocation        = false                                  {pd product} {ergonomic}

Logging:
Log output configuration:
 #0: stdout all=warning uptime,level,tags
 #1: stderr all=off uptime,level,tags

Environment Variables:
JAVA_HOME=C:\Program Files\Java\jdk-11.0.2
PATH=C:\Program Files\Git\mingw64\libexec\git-core;C:\Program Files\Git\mingw64\libexec\git-core;C:\Program Files\Git\mingw64\bin;C:\Program Files\Git\usr\bin;C:\Users\baris.karapelit\bin;C:\Program Files\Microsoft\jdk-11.0.16.101-hotspot\bin;C:\Python311\Scripts;C:\Python311;C:\Program Files\Common Files\Oracle\Java\javapath;C:\Users\baris.karapelit\apache-maven-3.8.6\bin;C:\Python310\Scripts;C:\Python310;C:\Program Files (x86)\Common Files\Oracle\Java\javapath;C:\WINDOWS\system32;C:\WINDOWS;C:\WINDOWS\System32\Wbem;C:\WINDOWS\System32\WindowsPowerShell\v1.0;C:\WINDOWS\System32\OpenSSH;C:\Program Files\Git\cmd;C:\ProgramData\chocolatey\bin;C:\Users\baris.karapelit\apache-maven-3.8.6\bin;C:\Users\baris.karapelit\AppData\Local\Microsoft\WindowsApps;C:\Users\baris.karapelit\AppData\Roaming\npm;C:\Users\baris.karapelit\Maven\apache-maven-3.8.6-bin\apache-maven-3.8.6\bin;C:\Program Files\Java\jdk-11.0.2\bin;C:\Users\baris.karapelit\AppData\Roaming\nvm;C:\Program Files\nodejs;C:\Program Files\PuTTY;C:\Program Files\dotnet;C:\Program Files\Microsoft SQL Server\150\Tools\Binn;C:\Program Files\Docker\Docker\resources\bin;C:\Program Files\PowerShell\7;C:\WINDOWS\system32\config\systemprofile\AppData\Local\Microsoft\WindowsApps;C:\Users\baris.karapelit\AppData\Local\Programs\Microsoft VS Code\bin;C:\Users\baris.karapelit\AppData\Roaming\nvm;C:\Program Files\nodejs;C:\Program Files\JetBrains\DataGrip 2022.2.5\bin;C:\Program Files\JetBrains\WebStorm 2022.2.3\bin;C:\Program Files\Java\jdk1.8.0_202\bin;C:\Program Files\JetBrains\IntelliJ IDEA Community Edition 2023.1.1\bin;C:\Program Files\JetBrains\IntelliJ IDEA 2023.2.2\bin;C:\Users\baris.karapelit\AppData\Local\Programs\Lens\resources\cli\bin
USERNAME=baris.karapelit
DISPLAY=:0.0
LC_ALL=en_US.UTF-8
TERM=xterm-256color
TMPDIR=C:\Users\BARIS~1.KAR\AppData\Local\Temp
OS=Windows_NT
PROCESSOR_IDENTIFIER=Intel64 Family 6 Model 140 Stepping 1, GenuineIntel
TMP=C:\Users\BARIS~1.KAR\AppData\Local\Temp
TEMP=C:\Users\BARIS~1.KAR\AppData\Local\Temp


JNI global refs:
JNI global refs: 0, weak refs: 0

JNI global refs memory usage: 0, weak refs: 0

OOME stack traces (most recent first):
Classloader memory used:


---------------  S Y S T E M  ---------------

OS:
 Windows 10 , 64 bit Build 19041 (10.0.19041.3636)
OS uptime: 7 days 20:45 hours
Hyper-V role detected

CPU: total 8 (initial active 8) (4 cores per cpu, 2 threads per core) family 6 model 140 stepping 1 microcode 0xac, cx8, cmov, fxsr, ht, mmx, 3dnowpref, sse, sse2, sse3, ssse3, sse4.1, sse4.2, popcnt, lzcnt, tsc, tscinvbit, avx, avx2, aes, erms, clmul, bmi1, bmi2, adx, avx512f, avx512dq, avx512cd, avx512bw, avx512vl, sha, fma, vzeroupper, avx512_vpopcntdq, avx512_vpclmulqdq, avx512_vaes, avx512_vnni, clflush, clflushopt, clwb, avx512_vbmi2, avx512_vbmi, hv
Processor Information for all 8 processors :
  Max Mhz: 2995, Current Mhz: 2995, Mhz Limit: 2995

Memory: 4k page, system-wide physical 16064M (435M free)
TotalPageFile size 65216M (AvailPageFile size 52M)
current process WorkingSet (physical memory assigned to process): 12M, peak: 12M
current process commit charge ("private bytes"): 61M, peak: 313M

vm_info: OpenJDK 64-Bit Server VM (17.0.8.1+7-b1000.32) for windows-amd64 JRE (17.0.8.1+7-b1000.32), built on 2023-09-15 by "builduser" with MS VC++ 16.10 / 16.11 (VS2019)

END.
