#
# There is insufficient memory for the Java Runtime Environment to continue.
# Native memory allocation (malloc) failed to allocate 253536 bytes for Chunk::new
# Possible reasons:
#   The system is out of physical RAM or swap space
#   The process is running with CompressedOops enabled, and the Java Heap may be blocking the growth of the native heap
# Possible solutions:
#   Reduce memory load on the system
#   Increase physical memory or swap space
#   Check if swap backing store is full
#   Decrease Java heap size (-Xmx/-Xms)
#   Decrease number of Java threads
#   Decrease Java thread stack sizes (-Xss)
#   Set larger code cache with -XX:ReservedCodeCacheSize=
#   JVM is running with Zero Based Compressed Oops mode in which the Java heap is
#     placed in the first 32GB address space. The Java Heap base address is the
#     maximum limit for the native heap growth. Please use -XX:HeapBaseMinAddress
#     to set the Java Heap base and to place the Java Heap above 32GB virtual address.
# This output file may be truncated or incomplete.
#
#  Out of Memory Error (arena.cpp:197), pid=20940, tid=17268
#
# JRE version: OpenJDK Runtime Environment Corretto-11.0.21.9.1 (11.0.21+9) (build 11.0.21+9-LTS)
# Java VM: OpenJDK 64-Bit Server VM Corretto-11.0.21.9.1 (11.0.21+9-LTS, mixed mode, tiered, compressed oops, g1 gc, windows-amd64)
# No core dump will be written. Minidumps are not enabled by default on client versions of Windows
#

---------------  S U M M A R Y ------------

Command Line: -javaagent:C:\Program Files\JetBrains\IntelliJ IDEA 2023.2.2\lib\idea_rt.jar=61401:C:\Program Files\JetBrains\IntelliJ IDEA 2023.2.2\bin -Dfile.encoding=UTF-8 View.LoginGUI

Host: 11th Gen Intel(R) Core(TM) i7-1185G7 @ 3.00GHz, 8 cores, 15G,  Windows 10 , 64 bit Build 19041 (10.0.19041.3636)
Time: Sun Nov  5 15:49:59 2023 Turkey Standard Time elapsed time: 7.686479 seconds (0d 0h 0m 7s)

---------------  T H R E A D  ---------------

Current thread (0x00000202c2124000):  JavaThread "C2 CompilerThread0" daemon [_thread_in_native, id=17268, stack(0x0000000d02b00000,0x0000000d02c00000)]


Current CompileTask:
C2:   7686 2374       4       java.lang.String::<init> (55 bytes)

Stack: [0x0000000d02b00000,0x0000000d02c00000]
Native frames: (J=compiled Java code, j=interpreted, Vv=VM code, C=native code)
V  [jvm.dll+0x645f6a]
V  [jvm.dll+0x7da379]
V  [jvm.dll+0x7dba79]
V  [jvm.dll+0x7dc163]
V  [jvm.dll+0x269f15]
V  [jvm.dll+0xc1d7c]
V  [jvm.dll+0xc232c]
V  [jvm.dll+0x2dc332]
V  [jvm.dll+0x5514e7]
V  [jvm.dll+0x22aaf1]
V  [jvm.dll+0x224499]
V  [jvm.dll+0x221014]
V  [jvm.dll+0x19ef21]
V  [jvm.dll+0x230fc9]
V  [jvm.dll+0x22f13f]
V  [jvm.dll+0x79b621]
V  [jvm.dll+0x7942f4]
V  [jvm.dll+0x644d25]
C  [ucrtbase.dll+0x21bb2]
C  [KERNEL32.DLL+0x17344]
C  [ntdll.dll+0x526b1]


---------------  P R O C E S S  ---------------

Threads class SMR info:
_java_thread_list=0x00000202c2817ec0, length=17, elements={
0x00000202c1381800, 0x00000202c138b800, 0x00000202c20db000, 0x00000202c211f800,
0x00000202c2120800, 0x00000202c2124000, 0x00000202c212e000, 0x00000202c213b000,
0x00000202c22a2000, 0x00000202c24f3000, 0x00000202c27c2800, 0x00000202c2799800,
0x00000202c2837000, 0x00000202c2c72800, 0x000002029dc5b000, 0x00000202c530a800,
0x00000202c5241800
}

Java Threads: ( => current thread )
  0x00000202c1381800 JavaThread "Reference Handler" daemon [_thread_blocked, id=27588, stack(0x0000000d02600000,0x0000000d02700000)]
  0x00000202c138b800 JavaThread "Finalizer" daemon [_thread_blocked, id=34932, stack(0x0000000d02700000,0x0000000d02800000)]
  0x00000202c20db000 JavaThread "Signal Dispatcher" daemon [_thread_blocked, id=36300, stack(0x0000000d02800000,0x0000000d02900000)]
  0x00000202c211f800 JavaThread "Attach Listener" daemon [_thread_blocked, id=34448, stack(0x0000000d02900000,0x0000000d02a00000)]
  0x00000202c2120800 JavaThread "Service Thread" daemon [_thread_blocked, id=23260, stack(0x0000000d02a00000,0x0000000d02b00000)]
=>0x00000202c2124000 JavaThread "C2 CompilerThread0" daemon [_thread_in_native, id=17268, stack(0x0000000d02b00000,0x0000000d02c00000)]
  0x00000202c212e000 JavaThread "C1 CompilerThread0" daemon [_thread_in_vm, id=27444, stack(0x0000000d02c00000,0x0000000d02d00000)]
  0x00000202c213b000 JavaThread "Sweeper thread" daemon [_thread_blocked, id=16452, stack(0x0000000d02d00000,0x0000000d02e00000)]
  0x00000202c22a2000 JavaThread "Common-Cleaner" daemon [_thread_blocked, id=48604, stack(0x0000000d02e00000,0x0000000d02f00000)]
  0x00000202c24f3000 JavaThread "Monitor Ctrl-Break" daemon [_thread_in_native, id=19840, stack(0x0000000d03000000,0x0000000d03100000)]
  0x00000202c27c2800 JavaThread "Java2D Disposer" daemon [_thread_blocked, id=31180, stack(0x0000000d03200000,0x0000000d03300000)]
  0x00000202c2799800 JavaThread "AWT-Shutdown" [_thread_blocked, id=23808, stack(0x0000000d03300000,0x0000000d03400000)]
  0x00000202c2837000 JavaThread "AWT-Windows" daemon [_thread_in_native, id=17884, stack(0x0000000d03400000,0x0000000d03500000)]
  0x00000202c2c72800 JavaThread "AWT-EventQueue-0" [_thread_in_vm, id=48920, stack(0x0000000d03600000,0x0000000d03700000)]
  0x000002029dc5b000 JavaThread "DestroyJavaVM" [_thread_blocked, id=34820, stack(0x0000000d01f00000,0x0000000d02000000)]
  0x00000202c530a800 JavaThread "TimerQueue" daemon [_thread_blocked, id=39080, stack(0x0000000d02f00000,0x0000000d03000000)]
  0x00000202c5241800 JavaThread "mysql-cj-abandoned-connection-cleanup" daemon [_thread_blocked, id=28460, stack(0x0000000d03f00000,0x0000000d04000000)]

Other Threads:
  0x00000202c137e000 VMThread "VM Thread" [stack: 0x0000000d02500000,0x0000000d02600000] [id=25756]
  0x00000202c2550800 WatcherThread [stack: 0x0000000d03100000,0x0000000d03200000] [id=16328]
  0x000002029dc76000 GCTaskThread "GC Thread#0" [stack: 0x0000000d02000000,0x0000000d02100000] [id=5376]
  0x00000202c528c800 GCTaskThread "GC Thread#1" [stack: 0x0000000d03700000,0x0000000d03800000] [id=51156]
  0x00000202c2b21000 GCTaskThread "GC Thread#2" [stack: 0x0000000d03800000,0x0000000d03900000] [id=37044]
  0x00000202c2adc000 GCTaskThread "GC Thread#3" [stack: 0x0000000d03900000,0x0000000d03a00000] [id=51160]
  0x00000202c5147000 GCTaskThread "GC Thread#4" [stack: 0x0000000d03a00000,0x0000000d03b00000] [id=48516]
  0x00000202c5148000 GCTaskThread "GC Thread#5" [stack: 0x0000000d03b00000,0x0000000d03c00000] [id=24832]
  0x000002029dcd1000 ConcurrentGCThread "G1 Main Marker" [stack: 0x0000000d02100000,0x0000000d02200000] [id=35624]
  0x000002029dcd2800 ConcurrentGCThread "G1 Conc#0" [stack: 0x0000000d02200000,0x0000000d02300000] [id=42908]
  0x00000202c5369000 ConcurrentGCThread "G1 Conc#1" [stack: 0x0000000d04100000,0x0000000d04200000] [id=55004]
  0x00000202c12b3000 ConcurrentGCThread "G1 Refine#0" [stack: 0x0000000d02300000,0x0000000d02400000] [id=38236]
  0x00000202c12b4000 ConcurrentGCThread "G1 Young RemSet Sampling" [stack: 0x0000000d02400000,0x0000000d02500000] [id=53200]

Threads with active compile tasks:
C2 CompilerThread0     7974 2374       4       java.lang.String::<init> (55 bytes)
C1 CompilerThread0     7974 2414       3       java.lang.Class::getConstructor0 (83 bytes)

VM state:not at safepoint (normal execution)

VM Mutex/Monitor currently owned by a thread: None

Heap address: 0x0000000704e00000, size: 4018 MB, Compressed Oops mode: Zero based, Oop shift amount: 3
Narrow klass base: 0x0000000800000000, Narrow klass shift: 0
Compressed class space size: 1073741824 Address: 0x0000000800000000

Heap:
 garbage-first heap   total 258048K, used 22797K [0x0000000704e00000, 0x0000000800000000)
  region size 1024K, 16 young (16384K), 2 survivors (2048K)
 Metaspace       used 28775K, capacity 29405K, committed 29744K, reserved 1079296K
  class space    used 3060K, capacity 3346K, committed 3456K, reserved 1048576K
Heap Regions: E=young(eden), S=young(survivor), O=old, HS=humongous(starts), HC=humongous(continues), CS=collection set, F=free, A=archive, TAMS=top-at-mark-start (previous, next)
|   0|0x0000000704e00000, 0x0000000704f00000, 0x0000000704f00000|100%|HS|  |TAMS 0x0000000704f00000, 0x0000000704e00000| Complete 
|   1|0x0000000704f00000, 0x0000000705000000, 0x0000000705000000|100%| O|  |TAMS 0x0000000705000000, 0x0000000704f00000| Untracked 
|   2|0x0000000705000000, 0x0000000705100000, 0x0000000705100000|100%| O|  |TAMS 0x0000000705100000, 0x0000000705000000| Untracked 
|   3|0x0000000705100000, 0x0000000705200000, 0x0000000705200000|100%|HS|  |TAMS 0x0000000705200000, 0x0000000705100000| Complete 
|   4|0x0000000705200000, 0x0000000705300000, 0x0000000705300000|100%|HC|  |TAMS 0x0000000705300000, 0x0000000705200000| Complete 
|   5|0x0000000705300000, 0x0000000705400000, 0x0000000705400000|100%| O|  |TAMS 0x0000000705400000, 0x0000000705300000| Untracked 
|   6|0x0000000705400000, 0x0000000705500000, 0x0000000705500000|100%| O|  |TAMS 0x0000000705500000, 0x0000000705400000| Untracked 
|   7|0x0000000705500000, 0x00000007055fa200, 0x0000000705600000| 97%| O|  |TAMS 0x00000007055fa200, 0x0000000705500000| Untracked 
|   8|0x0000000705600000, 0x0000000705600000, 0x0000000705700000|  0%| F|  |TAMS 0x0000000705600000, 0x0000000705600000| Untracked 
|   9|0x0000000705700000, 0x0000000705700000, 0x0000000705800000|  0%| F|  |TAMS 0x0000000705700000, 0x0000000705700000| Untracked 
|  10|0x0000000705800000, 0x0000000705800000, 0x0000000705900000|  0%| F|  |TAMS 0x0000000705800000, 0x0000000705800000| Untracked 
|  11|0x0000000705900000, 0x0000000705900000, 0x0000000705a00000|  0%| F|  |TAMS 0x0000000705900000, 0x0000000705900000| Untracked 
|  12|0x0000000705a00000, 0x0000000705a00000, 0x0000000705b00000|  0%| F|  |TAMS 0x0000000705a00000, 0x0000000705a00000| Untracked 
|  13|0x0000000705b00000, 0x0000000705b00000, 0x0000000705c00000|  0%| F|  |TAMS 0x0000000705b00000, 0x0000000705b00000| Untracked 
|  14|0x0000000705c00000, 0x0000000705c00000, 0x0000000705d00000|  0%| F|  |TAMS 0x0000000705c00000, 0x0000000705c00000| Untracked 
|  15|0x0000000705d00000, 0x0000000705d00000, 0x0000000705e00000|  0%| F|  |TAMS 0x0000000705d00000, 0x0000000705d00000| Untracked 
|  16|0x0000000705e00000, 0x0000000705e00000, 0x0000000705f00000|  0%| F|  |TAMS 0x0000000705e00000, 0x0000000705e00000| Untracked 
|  17|0x0000000705f00000, 0x0000000705f00000, 0x0000000706000000|  0%| F|  |TAMS 0x0000000705f00000, 0x0000000705f00000| Untracked 
|  18|0x0000000706000000, 0x0000000706000000, 0x0000000706100000|  0%| F|  |TAMS 0x0000000706000000, 0x0000000706000000| Untracked 
|  19|0x0000000706100000, 0x0000000706100000, 0x0000000706200000|  0%| F|  |TAMS 0x0000000706100000, 0x0000000706100000| Untracked 
|  20|0x0000000706200000, 0x0000000706200000, 0x0000000706300000|  0%| F|  |TAMS 0x0000000706200000, 0x0000000706200000| Untracked 
|  21|0x0000000706300000, 0x0000000706300000, 0x0000000706400000|  0%| F|  |TAMS 0x0000000706300000, 0x0000000706300000| Untracked 
|  22|0x0000000706400000, 0x0000000706400000, 0x0000000706500000|  0%| F|  |TAMS 0x0000000706400000, 0x0000000706400000| Untracked 
|  23|0x0000000706500000, 0x0000000706500000, 0x0000000706600000|  0%| F|  |TAMS 0x0000000706500000, 0x0000000706500000| Untracked 
|  24|0x0000000706600000, 0x0000000706600000, 0x0000000706700000|  0%| F|  |TAMS 0x0000000706600000, 0x0000000706600000| Untracked 
|  25|0x0000000706700000, 0x0000000706700000, 0x0000000706800000|  0%| F|  |TAMS 0x0000000706700000, 0x0000000706700000| Untracked 
|  26|0x0000000706800000, 0x0000000706800000, 0x0000000706900000|  0%| F|  |TAMS 0x0000000706800000, 0x0000000706800000| Untracked 
|  27|0x0000000706900000, 0x0000000706900000, 0x0000000706a00000|  0%| F|  |TAMS 0x0000000706900000, 0x0000000706900000| Untracked 
|  28|0x0000000706a00000, 0x0000000706a00000, 0x0000000706b00000|  0%| F|  |TAMS 0x0000000706a00000, 0x0000000706a00000| Untracked 
|  29|0x0000000706b00000, 0x0000000706b00000, 0x0000000706c00000|  0%| F|  |TAMS 0x0000000706b00000, 0x0000000706b00000| Untracked 
|  30|0x0000000706c00000, 0x0000000706c00000, 0x0000000706d00000|  0%| F|  |TAMS 0x0000000706c00000, 0x0000000706c00000| Untracked 
|  31|0x0000000706d00000, 0x0000000706d00000, 0x0000000706e00000|  0%| F|  |TAMS 0x0000000706d00000, 0x0000000706d00000| Untracked 
|  32|0x0000000706e00000, 0x0000000706e00000, 0x0000000706f00000|  0%| F|  |TAMS 0x0000000706e00000, 0x0000000706e00000| Untracked 
|  33|0x0000000706f00000, 0x0000000706f00000, 0x0000000707000000|  0%| F|  |TAMS 0x0000000706f00000, 0x0000000706f00000| Untracked 
|  34|0x0000000707000000, 0x0000000707000000, 0x0000000707100000|  0%| F|  |TAMS 0x0000000707000000, 0x0000000707000000| Untracked 
|  35|0x0000000707100000, 0x0000000707100000, 0x0000000707200000|  0%| F|  |TAMS 0x0000000707100000, 0x0000000707100000| Untracked 
|  36|0x0000000707200000, 0x0000000707200000, 0x0000000707300000|  0%| F|  |TAMS 0x0000000707200000, 0x0000000707200000| Untracked 
|  37|0x0000000707300000, 0x0000000707300000, 0x0000000707400000|  0%| F|  |TAMS 0x0000000707300000, 0x0000000707300000| Untracked 
|  38|0x0000000707400000, 0x0000000707400000, 0x0000000707500000|  0%| F|  |TAMS 0x0000000707400000, 0x0000000707400000| Untracked 
|  39|0x0000000707500000, 0x0000000707500000, 0x0000000707600000|  0%| F|  |TAMS 0x0000000707500000, 0x0000000707500000| Untracked 
|  40|0x0000000707600000, 0x0000000707600000, 0x0000000707700000|  0%| F|  |TAMS 0x0000000707600000, 0x0000000707600000| Untracked 
|  41|0x0000000707700000, 0x0000000707700000, 0x0000000707800000|  0%| F|  |TAMS 0x0000000707700000, 0x0000000707700000| Untracked 
|  42|0x0000000707800000, 0x0000000707800000, 0x0000000707900000|  0%| F|  |TAMS 0x0000000707800000, 0x0000000707800000| Untracked 
|  43|0x0000000707900000, 0x0000000707900000, 0x0000000707a00000|  0%| F|  |TAMS 0x0000000707900000, 0x0000000707900000| Untracked 
|  44|0x0000000707a00000, 0x0000000707a00000, 0x0000000707b00000|  0%| F|  |TAMS 0x0000000707a00000, 0x0000000707a00000| Untracked 
|  45|0x0000000707b00000, 0x0000000707b00000, 0x0000000707c00000|  0%| F|  |TAMS 0x0000000707b00000, 0x0000000707b00000| Untracked 
|  46|0x0000000707c00000, 0x0000000707c00000, 0x0000000707d00000|  0%| F|  |TAMS 0x0000000707c00000, 0x0000000707c00000| Untracked 
|  47|0x0000000707d00000, 0x0000000707d00000, 0x0000000707e00000|  0%| F|  |TAMS 0x0000000707d00000, 0x0000000707d00000| Untracked 
|  48|0x0000000707e00000, 0x0000000707e00000, 0x0000000707f00000|  0%| F|  |TAMS 0x0000000707e00000, 0x0000000707e00000| Untracked 
|  49|0x0000000707f00000, 0x0000000707f00000, 0x0000000708000000|  0%| F|  |TAMS 0x0000000707f00000, 0x0000000707f00000| Untracked 
|  50|0x0000000708000000, 0x0000000708000000, 0x0000000708100000|  0%| F|  |TAMS 0x0000000708000000, 0x0000000708000000| Untracked 
|  51|0x0000000708100000, 0x0000000708100000, 0x0000000708200000|  0%| F|  |TAMS 0x0000000708100000, 0x0000000708100000| Untracked 
|  52|0x0000000708200000, 0x0000000708200000, 0x0000000708300000|  0%| F|  |TAMS 0x0000000708200000, 0x0000000708200000| Untracked 
|  53|0x0000000708300000, 0x0000000708300000, 0x0000000708400000|  0%| F|  |TAMS 0x0000000708300000, 0x0000000708300000| Untracked 
|  54|0x0000000708400000, 0x0000000708400000, 0x0000000708500000|  0%| F|  |TAMS 0x0000000708400000, 0x0000000708400000| Untracked 
|  55|0x0000000708500000, 0x0000000708500000, 0x0000000708600000|  0%| F|  |TAMS 0x0000000708500000, 0x0000000708500000| Untracked 
|  56|0x0000000708600000, 0x0000000708600000, 0x0000000708700000|  0%| F|  |TAMS 0x0000000708600000, 0x0000000708600000| Untracked 
|  57|0x0000000708700000, 0x0000000708700000, 0x0000000708800000|  0%| F|  |TAMS 0x0000000708700000, 0x0000000708700000| Untracked 
|  58|0x0000000708800000, 0x0000000708800000, 0x0000000708900000|  0%| F|  |TAMS 0x0000000708800000, 0x0000000708800000| Untracked 
|  59|0x0000000708900000, 0x0000000708900000, 0x0000000708a00000|  0%| F|  |TAMS 0x0000000708900000, 0x0000000708900000| Untracked 
|  60|0x0000000708a00000, 0x0000000708a00000, 0x0000000708b00000|  0%| F|  |TAMS 0x0000000708a00000, 0x0000000708a00000| Untracked 
|  61|0x0000000708b00000, 0x0000000708b00000, 0x0000000708c00000|  0%| F|  |TAMS 0x0000000708b00000, 0x0000000708b00000| Untracked 
|  62|0x0000000708c00000, 0x0000000708c00000, 0x0000000708d00000|  0%| F|  |TAMS 0x0000000708c00000, 0x0000000708c00000| Untracked 
|  63|0x0000000708d00000, 0x0000000708d00000, 0x0000000708e00000|  0%| F|  |TAMS 0x0000000708d00000, 0x0000000708d00000| Untracked 
|  64|0x0000000708e00000, 0x0000000708e00000, 0x0000000708f00000|  0%| F|  |TAMS 0x0000000708e00000, 0x0000000708e00000| Untracked 
|  65|0x0000000708f00000, 0x0000000708f00000, 0x0000000709000000|  0%| F|  |TAMS 0x0000000708f00000, 0x0000000708f00000| Untracked 
|  66|0x0000000709000000, 0x0000000709000000, 0x0000000709100000|  0%| F|  |TAMS 0x0000000709000000, 0x0000000709000000| Untracked 
|  67|0x0000000709100000, 0x0000000709100000, 0x0000000709200000|  0%| F|  |TAMS 0x0000000709100000, 0x0000000709100000| Untracked 
|  68|0x0000000709200000, 0x0000000709200000, 0x0000000709300000|  0%| F|  |TAMS 0x0000000709200000, 0x0000000709200000| Untracked 
|  69|0x0000000709300000, 0x0000000709300000, 0x0000000709400000|  0%| F|  |TAMS 0x0000000709300000, 0x0000000709300000| Untracked 
|  70|0x0000000709400000, 0x0000000709400000, 0x0000000709500000|  0%| F|  |TAMS 0x0000000709400000, 0x0000000709400000| Untracked 
|  71|0x0000000709500000, 0x0000000709500000, 0x0000000709600000|  0%| F|  |TAMS 0x0000000709500000, 0x0000000709500000| Untracked 
|  72|0x0000000709600000, 0x0000000709600000, 0x0000000709700000|  0%| F|  |TAMS 0x0000000709600000, 0x0000000709600000| Untracked 
|  73|0x0000000709700000, 0x0000000709700000, 0x0000000709800000|  0%| F|  |TAMS 0x0000000709700000, 0x0000000709700000| Untracked 
|  74|0x0000000709800000, 0x0000000709800000, 0x0000000709900000|  0%| F|  |TAMS 0x0000000709800000, 0x0000000709800000| Untracked 
|  75|0x0000000709900000, 0x0000000709900000, 0x0000000709a00000|  0%| F|  |TAMS 0x0000000709900000, 0x0000000709900000| Untracked 
|  76|0x0000000709a00000, 0x0000000709a00000, 0x0000000709b00000|  0%| F|  |TAMS 0x0000000709a00000, 0x0000000709a00000| Untracked 
|  77|0x0000000709b00000, 0x0000000709b00000, 0x0000000709c00000|  0%| F|  |TAMS 0x0000000709b00000, 0x0000000709b00000| Untracked 
|  78|0x0000000709c00000, 0x0000000709c00000, 0x0000000709d00000|  0%| F|  |TAMS 0x0000000709c00000, 0x0000000709c00000| Untracked 
|  79|0x0000000709d00000, 0x0000000709d00000, 0x0000000709e00000|  0%| F|  |TAMS 0x0000000709d00000, 0x0000000709d00000| Untracked 
|  80|0x0000000709e00000, 0x0000000709e00000, 0x0000000709f00000|  0%| F|  |TAMS 0x0000000709e00000, 0x0000000709e00000| Untracked 
|  81|0x0000000709f00000, 0x0000000709f00000, 0x000000070a000000|  0%| F|  |TAMS 0x0000000709f00000, 0x0000000709f00000| Untracked 
|  82|0x000000070a000000, 0x000000070a000000, 0x000000070a100000|  0%| F|  |TAMS 0x000000070a000000, 0x000000070a000000| Untracked 
|  83|0x000000070a100000, 0x000000070a100000, 0x000000070a200000|  0%| F|  |TAMS 0x000000070a100000, 0x000000070a100000| Untracked 
|  84|0x000000070a200000, 0x000000070a200000, 0x000000070a300000|  0%| F|  |TAMS 0x000000070a200000, 0x000000070a200000| Untracked 
|  85|0x000000070a300000, 0x000000070a300000, 0x000000070a400000|  0%| F|  |TAMS 0x000000070a300000, 0x000000070a300000| Untracked 
|  86|0x000000070a400000, 0x000000070a400000, 0x000000070a500000|  0%| F|  |TAMS 0x000000070a400000, 0x000000070a400000| Untracked 
|  87|0x000000070a500000, 0x000000070a500000, 0x000000070a600000|  0%| F|  |TAMS 0x000000070a500000, 0x000000070a500000| Untracked 
|  88|0x000000070a600000, 0x000000070a600000, 0x000000070a700000|  0%| F|  |TAMS 0x000000070a600000, 0x000000070a600000| Untracked 
|  89|0x000000070a700000, 0x000000070a700000, 0x000000070a800000|  0%| F|  |TAMS 0x000000070a700000, 0x000000070a700000| Untracked 
|  90|0x000000070a800000, 0x000000070a800000, 0x000000070a900000|  0%| F|  |TAMS 0x000000070a800000, 0x000000070a800000| Untracked 
|  91|0x000000070a900000, 0x000000070a900000, 0x000000070aa00000|  0%| F|  |TAMS 0x000000070a900000, 0x000000070a900000| Untracked 
|  92|0x000000070aa00000, 0x000000070aa00000, 0x000000070ab00000|  0%| F|  |TAMS 0x000000070aa00000, 0x000000070aa00000| Untracked 
|  93|0x000000070ab00000, 0x000000070ab00000, 0x000000070ac00000|  0%| F|  |TAMS 0x000000070ab00000, 0x000000070ab00000| Untracked 
|  94|0x000000070ac00000, 0x000000070ac00000, 0x000000070ad00000|  0%| F|  |TAMS 0x000000070ac00000, 0x000000070ac00000| Untracked 
|  95|0x000000070ad00000, 0x000000070ad00000, 0x000000070ae00000|  0%| F|  |TAMS 0x000000070ad00000, 0x000000070ad00000| Untracked 
|  96|0x000000070ae00000, 0x000000070ae00000, 0x000000070af00000|  0%| F|  |TAMS 0x000000070ae00000, 0x000000070ae00000| Untracked 
|  97|0x000000070af00000, 0x000000070af00000, 0x000000070b000000|  0%| F|  |TAMS 0x000000070af00000, 0x000000070af00000| Untracked 
|  98|0x000000070b000000, 0x000000070b000000, 0x000000070b100000|  0%| F|  |TAMS 0x000000070b000000, 0x000000070b000000| Untracked 
|  99|0x000000070b100000, 0x000000070b100000, 0x000000070b200000|  0%| F|  |TAMS 0x000000070b100000, 0x000000070b100000| Untracked 
| 100|0x000000070b200000, 0x000000070b200000, 0x000000070b300000|  0%| F|  |TAMS 0x000000070b200000, 0x000000070b200000| Untracked 
| 101|0x000000070b300000, 0x000000070b300000, 0x000000070b400000|  0%| F|  |TAMS 0x000000070b300000, 0x000000070b300000| Untracked 
| 102|0x000000070b400000, 0x000000070b400000, 0x000000070b500000|  0%| F|  |TAMS 0x000000070b400000, 0x000000070b400000| Untracked 
| 103|0x000000070b500000, 0x000000070b500000, 0x000000070b600000|  0%| F|  |TAMS 0x000000070b500000, 0x000000070b500000| Untracked 
| 104|0x000000070b600000, 0x000000070b600000, 0x000000070b700000|  0%| F|  |TAMS 0x000000070b600000, 0x000000070b600000| Untracked 
| 105|0x000000070b700000, 0x000000070b700000, 0x000000070b800000|  0%| F|  |TAMS 0x000000070b700000, 0x000000070b700000| Untracked 
| 106|0x000000070b800000, 0x000000070b800000, 0x000000070b900000|  0%| F|  |TAMS 0x000000070b800000, 0x000000070b800000| Untracked 
| 107|0x000000070b900000, 0x000000070b900000, 0x000000070ba00000|  0%| F|  |TAMS 0x000000070b900000, 0x000000070b900000| Untracked 
| 108|0x000000070ba00000, 0x000000070ba00000, 0x000000070bb00000|  0%| F|  |TAMS 0x000000070ba00000, 0x000000070ba00000| Untracked 
| 109|0x000000070bb00000, 0x000000070bb00000, 0x000000070bc00000|  0%| F|  |TAMS 0x000000070bb00000, 0x000000070bb00000| Untracked 
| 110|0x000000070bc00000, 0x000000070bc00000, 0x000000070bd00000|  0%| F|  |TAMS 0x000000070bc00000, 0x000000070bc00000| Untracked 
| 111|0x000000070bd00000, 0x000000070bd00000, 0x000000070be00000|  0%| F|  |TAMS 0x000000070bd00000, 0x000000070bd00000| Untracked 
| 112|0x000000070be00000, 0x000000070be00000, 0x000000070bf00000|  0%| F|  |TAMS 0x000000070be00000, 0x000000070be00000| Untracked 
| 113|0x000000070bf00000, 0x000000070bf00000, 0x000000070c000000|  0%| F|  |TAMS 0x000000070bf00000, 0x000000070bf00000| Untracked 
| 114|0x000000070c000000, 0x000000070c000000, 0x000000070c100000|  0%| F|  |TAMS 0x000000070c000000, 0x000000070c000000| Untracked 
| 115|0x000000070c100000, 0x000000070c100000, 0x000000070c200000|  0%| F|  |TAMS 0x000000070c100000, 0x000000070c100000| Untracked 
| 116|0x000000070c200000, 0x000000070c200000, 0x000000070c300000|  0%| F|  |TAMS 0x000000070c200000, 0x000000070c200000| Untracked 
| 117|0x000000070c300000, 0x000000070c300000, 0x000000070c400000|  0%| F|  |TAMS 0x000000070c300000, 0x000000070c300000| Untracked 
| 118|0x000000070c400000, 0x000000070c400000, 0x000000070c500000|  0%| F|  |TAMS 0x000000070c400000, 0x000000070c400000| Untracked 
| 119|0x000000070c500000, 0x000000070c500000, 0x000000070c600000|  0%| F|  |TAMS 0x000000070c500000, 0x000000070c500000| Untracked 
| 120|0x000000070c600000, 0x000000070c600000, 0x000000070c700000|  0%| F|  |TAMS 0x000000070c600000, 0x000000070c600000| Untracked 
| 121|0x000000070c700000, 0x000000070c700000, 0x000000070c800000|  0%| F|  |TAMS 0x000000070c700000, 0x000000070c700000| Untracked 
| 122|0x000000070c800000, 0x000000070c800000, 0x000000070c900000|  0%| F|  |TAMS 0x000000070c800000, 0x000000070c800000| Untracked 
| 123|0x000000070c900000, 0x000000070c900000, 0x000000070ca00000|  0%| F|  |TAMS 0x000000070c900000, 0x000000070c900000| Untracked 
| 124|0x000000070ca00000, 0x000000070ca00000, 0x000000070cb00000|  0%| F|  |TAMS 0x000000070ca00000, 0x000000070ca00000| Untracked 
| 125|0x000000070cb00000, 0x000000070cb00000, 0x000000070cc00000|  0%| F|  |TAMS 0x000000070cb00000, 0x000000070cb00000| Untracked 
| 126|0x000000070cc00000, 0x000000070cc00000, 0x000000070cd00000|  0%| F|  |TAMS 0x000000070cc00000, 0x000000070cc00000| Untracked 
| 127|0x000000070cd00000, 0x000000070cd00000, 0x000000070ce00000|  0%| F|  |TAMS 0x000000070cd00000, 0x000000070cd00000| Untracked 
| 128|0x000000070ce00000, 0x000000070ce00000, 0x000000070cf00000|  0%| F|  |TAMS 0x000000070ce00000, 0x000000070ce00000| Untracked 
| 129|0x000000070cf00000, 0x000000070cf00000, 0x000000070d000000|  0%| F|  |TAMS 0x000000070cf00000, 0x000000070cf00000| Untracked 
| 130|0x000000070d000000, 0x000000070d000000, 0x000000070d100000|  0%| F|  |TAMS 0x000000070d000000, 0x000000070d000000| Untracked 
| 131|0x000000070d100000, 0x000000070d100000, 0x000000070d200000|  0%| F|  |TAMS 0x000000070d100000, 0x000000070d100000| Untracked 
| 132|0x000000070d200000, 0x000000070d200000, 0x000000070d300000|  0%| F|  |TAMS 0x000000070d200000, 0x000000070d200000| Untracked 
| 133|0x000000070d300000, 0x000000070d300000, 0x000000070d400000|  0%| F|  |TAMS 0x000000070d300000, 0x000000070d300000| Untracked 
| 134|0x000000070d400000, 0x000000070d400000, 0x000000070d500000|  0%| F|  |TAMS 0x000000070d400000, 0x000000070d400000| Untracked 
| 135|0x000000070d500000, 0x000000070d500000, 0x000000070d600000|  0%| F|  |TAMS 0x000000070d500000, 0x000000070d500000| Untracked 
| 136|0x000000070d600000, 0x000000070d600000, 0x000000070d700000|  0%| F|  |TAMS 0x000000070d600000, 0x000000070d600000| Untracked 
| 137|0x000000070d700000, 0x000000070d700000, 0x000000070d800000|  0%| F|  |TAMS 0x000000070d700000, 0x000000070d700000| Untracked 
| 138|0x000000070d800000, 0x000000070d800000, 0x000000070d900000|  0%| F|  |TAMS 0x000000070d800000, 0x000000070d800000| Untracked 
| 139|0x000000070d900000, 0x000000070d900000, 0x000000070da00000|  0%| F|  |TAMS 0x000000070d900000, 0x000000070d900000| Untracked 
| 140|0x000000070da00000, 0x000000070da00000, 0x000000070db00000|  0%| F|  |TAMS 0x000000070da00000, 0x000000070da00000| Untracked 
| 141|0x000000070db00000, 0x000000070db00000, 0x000000070dc00000|  0%| F|  |TAMS 0x000000070db00000, 0x000000070db00000| Untracked 
| 142|0x000000070dc00000, 0x000000070dc00000, 0x000000070dd00000|  0%| F|  |TAMS 0x000000070dc00000, 0x000000070dc00000| Untracked 
| 143|0x000000070dd00000, 0x000000070dd00000, 0x000000070de00000|  0%| F|  |TAMS 0x000000070dd00000, 0x000000070dd00000| Untracked 
| 144|0x000000070de00000, 0x000000070de00000, 0x000000070df00000|  0%| F|  |TAMS 0x000000070de00000, 0x000000070de00000| Untracked 
| 145|0x000000070df00000, 0x000000070df00000, 0x000000070e000000|  0%| F|  |TAMS 0x000000070df00000, 0x000000070df00000| Untracked 
| 146|0x000000070e000000, 0x000000070e000000, 0x000000070e100000|  0%| F|  |TAMS 0x000000070e000000, 0x000000070e000000| Untracked 
| 147|0x000000070e100000, 0x000000070e100000, 0x000000070e200000|  0%| F|  |TAMS 0x000000070e100000, 0x000000070e100000| Untracked 
| 148|0x000000070e200000, 0x000000070e200000, 0x000000070e300000|  0%| F|  |TAMS 0x000000070e200000, 0x000000070e200000| Untracked 
| 149|0x000000070e300000, 0x000000070e300000, 0x000000070e400000|  0%| F|  |TAMS 0x000000070e300000, 0x000000070e300000| Untracked 
| 150|0x000000070e400000, 0x000000070e400000, 0x000000070e500000|  0%| F|  |TAMS 0x000000070e400000, 0x000000070e400000| Untracked 
| 151|0x000000070e500000, 0x000000070e500000, 0x000000070e600000|  0%| F|  |TAMS 0x000000070e500000, 0x000000070e500000| Untracked 
| 152|0x000000070e600000, 0x000000070e600000, 0x000000070e700000|  0%| F|  |TAMS 0x000000070e600000, 0x000000070e600000| Untracked 
| 153|0x000000070e700000, 0x000000070e700000, 0x000000070e800000|  0%| F|  |TAMS 0x000000070e700000, 0x000000070e700000| Untracked 
| 154|0x000000070e800000, 0x000000070e800000, 0x000000070e900000|  0%| F|  |TAMS 0x000000070e800000, 0x000000070e800000| Untracked 
| 155|0x000000070e900000, 0x000000070e900000, 0x000000070ea00000|  0%| F|  |TAMS 0x000000070e900000, 0x000000070e900000| Untracked 
| 156|0x000000070ea00000, 0x000000070ea00000, 0x000000070eb00000|  0%| F|  |TAMS 0x000000070ea00000, 0x000000070ea00000| Untracked 
| 157|0x000000070eb00000, 0x000000070eb00000, 0x000000070ec00000|  0%| F|  |TAMS 0x000000070eb00000, 0x000000070eb00000| Untracked 
| 158|0x000000070ec00000, 0x000000070ec00000, 0x000000070ed00000|  0%| F|  |TAMS 0x000000070ec00000, 0x000000070ec00000| Untracked 
| 159|0x000000070ed00000, 0x000000070ed00000, 0x000000070ee00000|  0%| F|  |TAMS 0x000000070ed00000, 0x000000070ed00000| Untracked 
| 160|0x000000070ee00000, 0x000000070ee00000, 0x000000070ef00000|  0%| F|  |TAMS 0x000000070ee00000, 0x000000070ee00000| Untracked 
| 161|0x000000070ef00000, 0x000000070ef00000, 0x000000070f000000|  0%| F|  |TAMS 0x000000070ef00000, 0x000000070ef00000| Untracked 
| 162|0x000000070f000000, 0x000000070f000000, 0x000000070f100000|  0%| F|  |TAMS 0x000000070f000000, 0x000000070f000000| Untracked 
| 163|0x000000070f100000, 0x000000070f100000, 0x000000070f200000|  0%| F|  |TAMS 0x000000070f100000, 0x000000070f100000| Untracked 
| 164|0x000000070f200000, 0x000000070f200000, 0x000000070f300000|  0%| F|  |TAMS 0x000000070f200000, 0x000000070f200000| Untracked 
| 165|0x000000070f300000, 0x000000070f300000, 0x000000070f400000|  0%| F|  |TAMS 0x000000070f300000, 0x000000070f300000| Untracked 
| 166|0x000000070f400000, 0x000000070f400000, 0x000000070f500000|  0%| F|  |TAMS 0x000000070f400000, 0x000000070f400000| Untracked 
| 167|0x000000070f500000, 0x000000070f500000, 0x000000070f600000|  0%| F|  |TAMS 0x000000070f500000, 0x000000070f500000| Untracked 
| 168|0x000000070f600000, 0x000000070f600000, 0x000000070f700000|  0%| F|  |TAMS 0x000000070f600000, 0x000000070f600000| Untracked 
| 169|0x000000070f700000, 0x000000070f700000, 0x000000070f800000|  0%| F|  |TAMS 0x000000070f700000, 0x000000070f700000| Untracked 
| 170|0x000000070f800000, 0x000000070f800000, 0x000000070f900000|  0%| F|  |TAMS 0x000000070f800000, 0x000000070f800000| Untracked 
| 171|0x000000070f900000, 0x000000070f900000, 0x000000070fa00000|  0%| F|  |TAMS 0x000000070f900000, 0x000000070f900000| Untracked 
| 172|0x000000070fa00000, 0x000000070fa00000, 0x000000070fb00000|  0%| F|  |TAMS 0x000000070fa00000, 0x000000070fa00000| Untracked 
| 173|0x000000070fb00000, 0x000000070fb00000, 0x000000070fc00000|  0%| F|  |TAMS 0x000000070fb00000, 0x000000070fb00000| Untracked 
| 174|0x000000070fc00000, 0x000000070fc00000, 0x000000070fd00000|  0%| F|  |TAMS 0x000000070fc00000, 0x000000070fc00000| Untracked 
| 175|0x000000070fd00000, 0x000000070fd00000, 0x000000070fe00000|  0%| F|  |TAMS 0x000000070fd00000, 0x000000070fd00000| Untracked 
| 176|0x000000070fe00000, 0x000000070fe00000, 0x000000070ff00000|  0%| F|  |TAMS 0x000000070fe00000, 0x000000070fe00000| Untracked 
| 177|0x000000070ff00000, 0x000000070ff00000, 0x0000000710000000|  0%| F|  |TAMS 0x000000070ff00000, 0x000000070ff00000| Untracked 
| 178|0x0000000710000000, 0x0000000710000000, 0x0000000710100000|  0%| F|  |TAMS 0x0000000710000000, 0x0000000710000000| Untracked 
| 179|0x0000000710100000, 0x0000000710100000, 0x0000000710200000|  0%| F|  |TAMS 0x0000000710100000, 0x0000000710100000| Untracked 
| 180|0x0000000710200000, 0x0000000710200000, 0x0000000710300000|  0%| F|  |TAMS 0x0000000710200000, 0x0000000710200000| Untracked 
| 181|0x0000000710300000, 0x0000000710300000, 0x0000000710400000|  0%| F|  |TAMS 0x0000000710300000, 0x0000000710300000| Untracked 
| 182|0x0000000710400000, 0x0000000710400000, 0x0000000710500000|  0%| F|  |TAMS 0x0000000710400000, 0x0000000710400000| Untracked 
| 183|0x0000000710500000, 0x0000000710500000, 0x0000000710600000|  0%| F|  |TAMS 0x0000000710500000, 0x0000000710500000| Untracked 
| 184|0x0000000710600000, 0x0000000710600000, 0x0000000710700000|  0%| F|  |TAMS 0x0000000710600000, 0x0000000710600000| Untracked 
| 185|0x0000000710700000, 0x0000000710700000, 0x0000000710800000|  0%| F|  |TAMS 0x0000000710700000, 0x0000000710700000| Untracked 
| 186|0x0000000710800000, 0x0000000710800000, 0x0000000710900000|  0%| F|  |TAMS 0x0000000710800000, 0x0000000710800000| Untracked 
| 187|0x0000000710900000, 0x0000000710900000, 0x0000000710a00000|  0%| F|  |TAMS 0x0000000710900000, 0x0000000710900000| Untracked 
| 188|0x0000000710a00000, 0x0000000710a00000, 0x0000000710b00000|  0%| F|  |TAMS 0x0000000710a00000, 0x0000000710a00000| Untracked 
| 189|0x0000000710b00000, 0x0000000710b00000, 0x0000000710c00000|  0%| F|  |TAMS 0x0000000710b00000, 0x0000000710b00000| Untracked 
| 190|0x0000000710c00000, 0x0000000710c00000, 0x0000000710d00000|  0%| F|  |TAMS 0x0000000710c00000, 0x0000000710c00000| Untracked 
| 191|0x0000000710d00000, 0x0000000710d00000, 0x0000000710e00000|  0%| F|  |TAMS 0x0000000710d00000, 0x0000000710d00000| Untracked 
| 192|0x0000000710e00000, 0x0000000710e00000, 0x0000000710f00000|  0%| F|  |TAMS 0x0000000710e00000, 0x0000000710e00000| Untracked 
| 193|0x0000000710f00000, 0x0000000710f00000, 0x0000000711000000|  0%| F|  |TAMS 0x0000000710f00000, 0x0000000710f00000| Untracked 
| 194|0x0000000711000000, 0x0000000711000000, 0x0000000711100000|  0%| F|  |TAMS 0x0000000711000000, 0x0000000711000000| Untracked 
| 195|0x0000000711100000, 0x0000000711100000, 0x0000000711200000|  0%| F|  |TAMS 0x0000000711100000, 0x0000000711100000| Untracked 
| 196|0x0000000711200000, 0x0000000711200000, 0x0000000711300000|  0%| F|  |TAMS 0x0000000711200000, 0x0000000711200000| Untracked 
| 197|0x0000000711300000, 0x0000000711300000, 0x0000000711400000|  0%| F|  |TAMS 0x0000000711300000, 0x0000000711300000| Untracked 
| 198|0x0000000711400000, 0x0000000711400000, 0x0000000711500000|  0%| F|  |TAMS 0x0000000711400000, 0x0000000711400000| Untracked 
| 199|0x0000000711500000, 0x0000000711500000, 0x0000000711600000|  0%| F|  |TAMS 0x0000000711500000, 0x0000000711500000| Untracked 
| 200|0x0000000711600000, 0x0000000711600000, 0x0000000711700000|  0%| F|  |TAMS 0x0000000711600000, 0x0000000711600000| Untracked 
| 201|0x0000000711700000, 0x0000000711700000, 0x0000000711800000|  0%| F|  |TAMS 0x0000000711700000, 0x0000000711700000| Untracked 
| 202|0x0000000711800000, 0x0000000711800000, 0x0000000711900000|  0%| F|  |TAMS 0x0000000711800000, 0x0000000711800000| Untracked 
| 203|0x0000000711900000, 0x0000000711900000, 0x0000000711a00000|  0%| F|  |TAMS 0x0000000711900000, 0x0000000711900000| Untracked 
| 204|0x0000000711a00000, 0x0000000711a00000, 0x0000000711b00000|  0%| F|  |TAMS 0x0000000711a00000, 0x0000000711a00000| Untracked 
| 205|0x0000000711b00000, 0x0000000711b00000, 0x0000000711c00000|  0%| F|  |TAMS 0x0000000711b00000, 0x0000000711b00000| Untracked 
| 206|0x0000000711c00000, 0x0000000711c00000, 0x0000000711d00000|  0%| F|  |TAMS 0x0000000711c00000, 0x0000000711c00000| Untracked 
| 207|0x0000000711d00000, 0x0000000711d00000, 0x0000000711e00000|  0%| F|  |TAMS 0x0000000711d00000, 0x0000000711d00000| Untracked 
| 208|0x0000000711e00000, 0x0000000711e00000, 0x0000000711f00000|  0%| F|  |TAMS 0x0000000711e00000, 0x0000000711e00000| Untracked 
| 209|0x0000000711f00000, 0x0000000711f00000, 0x0000000712000000|  0%| F|  |TAMS 0x0000000711f00000, 0x0000000711f00000| Untracked 
| 210|0x0000000712000000, 0x0000000712000000, 0x0000000712100000|  0%| F|  |TAMS 0x0000000712000000, 0x0000000712000000| Untracked 
| 211|0x0000000712100000, 0x0000000712100000, 0x0000000712200000|  0%| F|  |TAMS 0x0000000712100000, 0x0000000712100000| Untracked 
| 212|0x0000000712200000, 0x0000000712200000, 0x0000000712300000|  0%| F|  |TAMS 0x0000000712200000, 0x0000000712200000| Untracked 
| 213|0x0000000712300000, 0x0000000712300000, 0x0000000712400000|  0%| F|  |TAMS 0x0000000712300000, 0x0000000712300000| Untracked 
| 214|0x0000000712400000, 0x0000000712400000, 0x0000000712500000|  0%| F|  |TAMS 0x0000000712400000, 0x0000000712400000| Untracked 
| 215|0x0000000712500000, 0x0000000712500000, 0x0000000712600000|  0%| F|  |TAMS 0x0000000712500000, 0x0000000712500000| Untracked 
| 216|0x0000000712600000, 0x0000000712600000, 0x0000000712700000|  0%| F|  |TAMS 0x0000000712600000, 0x0000000712600000| Untracked 
| 217|0x0000000712700000, 0x0000000712700000, 0x0000000712800000|  0%| F|  |TAMS 0x0000000712700000, 0x0000000712700000| Untracked 
| 218|0x0000000712800000, 0x0000000712800000, 0x0000000712900000|  0%| F|  |TAMS 0x0000000712800000, 0x0000000712800000| Untracked 
| 219|0x0000000712900000, 0x0000000712900000, 0x0000000712a00000|  0%| F|  |TAMS 0x0000000712900000, 0x0000000712900000| Untracked 
| 220|0x0000000712a00000, 0x0000000712a00000, 0x0000000712b00000|  0%| F|  |TAMS 0x0000000712a00000, 0x0000000712a00000| Untracked 
| 221|0x0000000712b00000, 0x0000000712b00000, 0x0000000712c00000|  0%| F|  |TAMS 0x0000000712b00000, 0x0000000712b00000| Untracked 
| 222|0x0000000712c00000, 0x0000000712c00000, 0x0000000712d00000|  0%| F|  |TAMS 0x0000000712c00000, 0x0000000712c00000| Untracked 
| 223|0x0000000712d00000, 0x0000000712d00000, 0x0000000712e00000|  0%| F|  |TAMS 0x0000000712d00000, 0x0000000712d00000| Untracked 
| 224|0x0000000712e00000, 0x0000000712e00000, 0x0000000712f00000|  0%| F|  |TAMS 0x0000000712e00000, 0x0000000712e00000| Untracked 
| 225|0x0000000712f00000, 0x0000000712f00000, 0x0000000713000000|  0%| F|  |TAMS 0x0000000712f00000, 0x0000000712f00000| Untracked 
| 226|0x0000000713000000, 0x0000000713000000, 0x0000000713100000|  0%| F|  |TAMS 0x0000000713000000, 0x0000000713000000| Untracked 
| 227|0x0000000713100000, 0x0000000713100000, 0x0000000713200000|  0%| F|  |TAMS 0x0000000713100000, 0x0000000713100000| Untracked 
| 228|0x0000000713200000, 0x0000000713200000, 0x0000000713300000|  0%| F|  |TAMS 0x0000000713200000, 0x0000000713200000| Untracked 
| 229|0x0000000713300000, 0x0000000713300000, 0x0000000713400000|  0%| F|  |TAMS 0x0000000713300000, 0x0000000713300000| Untracked 
| 230|0x0000000713400000, 0x0000000713400000, 0x0000000713500000|  0%| F|  |TAMS 0x0000000713400000, 0x0000000713400000| Untracked 
| 231|0x0000000713500000, 0x0000000713500000, 0x0000000713600000|  0%| F|  |TAMS 0x0000000713500000, 0x0000000713500000| Untracked 
| 232|0x0000000713600000, 0x0000000713600000, 0x0000000713700000|  0%| F|  |TAMS 0x0000000713600000, 0x0000000713600000| Untracked 
| 233|0x0000000713700000, 0x0000000713700000, 0x0000000713800000|  0%| F|  |TAMS 0x0000000713700000, 0x0000000713700000| Untracked 
| 234|0x0000000713800000, 0x0000000713800000, 0x0000000713900000|  0%| F|  |TAMS 0x0000000713800000, 0x0000000713800000| Untracked 
| 235|0x0000000713900000, 0x0000000713900000, 0x0000000713a00000|  0%| F|  |TAMS 0x0000000713900000, 0x0000000713900000| Untracked 
| 236|0x0000000713a00000, 0x0000000713a593a0, 0x0000000713b00000| 34%| E|  |TAMS 0x0000000713a00000, 0x0000000713a00000| Complete 
| 237|0x0000000713b00000, 0x0000000713c00000, 0x0000000713c00000|100%| E|CS|TAMS 0x0000000713b00000, 0x0000000713b00000| Complete 
| 238|0x0000000713c00000, 0x0000000713d00000, 0x0000000713d00000|100%| E|CS|TAMS 0x0000000713c00000, 0x0000000713c00000| Complete 
| 239|0x0000000713d00000, 0x0000000713e00000, 0x0000000713e00000|100%| E|CS|TAMS 0x0000000713d00000, 0x0000000713d00000| Complete 
| 240|0x0000000713e00000, 0x0000000713f00000, 0x0000000713f00000|100%| E|CS|TAMS 0x0000000713e00000, 0x0000000713e00000| Complete 
| 241|0x0000000713f00000, 0x0000000714000000, 0x0000000714000000|100%| E|CS|TAMS 0x0000000713f00000, 0x0000000713f00000| Complete 
| 242|0x0000000714000000, 0x0000000714100000, 0x0000000714100000|100%| E|CS|TAMS 0x0000000714000000, 0x0000000714000000| Complete 
| 243|0x0000000714100000, 0x0000000714200000, 0x0000000714200000|100%| E|CS|TAMS 0x0000000714100000, 0x0000000714100000| Complete 
| 244|0x0000000714200000, 0x00000007142492e0, 0x0000000714300000| 28%| S|CS|TAMS 0x0000000714200000, 0x0000000714200000| Complete 
| 245|0x0000000714300000, 0x0000000714400000, 0x0000000714400000|100%| S|CS|TAMS 0x0000000714300000, 0x0000000714300000| Complete 
| 246|0x0000000714400000, 0x0000000714500000, 0x0000000714500000|100%| E|CS|TAMS 0x0000000714400000, 0x0000000714400000| Complete 
| 247|0x0000000714500000, 0x0000000714600000, 0x0000000714600000|100%| E|CS|TAMS 0x0000000714500000, 0x0000000714500000| Complete 
| 248|0x0000000714600000, 0x0000000714700000, 0x0000000714700000|100%| E|CS|TAMS 0x0000000714600000, 0x0000000714600000| Complete 
| 249|0x0000000714700000, 0x0000000714800000, 0x0000000714800000|100%| E|CS|TAMS 0x0000000714700000, 0x0000000714700000| Complete 
| 250|0x0000000714800000, 0x0000000714900000, 0x0000000714900000|100%| E|CS|TAMS 0x0000000714800000, 0x0000000714800000| Complete 
| 251|0x0000000714900000, 0x0000000714a00000, 0x0000000714a00000|100%| E|CS|TAMS 0x0000000714900000, 0x0000000714900000| Complete 

Card table byte_map: [0x00000202b5ee0000,0x00000202b66c0000] _byte_map_base: 0x00000202b26b9000

Marking Bits (Prev, Next): (CMBitMap*) 0x000002029dcc0850, (CMBitMap*) 0x000002029dcc0818
 Prev Bits: [0x00000202bad70000, 0x00000202bec38000)
 Next Bits: [0x00000202b6ea0000, 0x00000202bad68000)

Polling page: 0x000002029d400000

Metaspace:

Usage:
  Non-class:     25.64 MB capacity,    25.25 MB ( 99%) used,   320.40 KB (  1%) free+waste,    70.56 KB ( <1%) overhead. 
      Class:      3.27 MB capacity,     3.01 MB ( 92%) used,   233.17 KB (  7%) free+waste,    35.44 KB (  1%) overhead. 
       Both:     28.90 MB capacity,    28.26 MB ( 98%) used,   553.57 KB (  2%) free+waste,   106.00 KB ( <1%) overhead. 

Virtual space:
  Non-class space:       30.00 MB reserved,      25.67 MB ( 86%) committed 
      Class space:        1.00 GB reserved,       3.38 MB ( <1%) committed 
             Both:        1.03 GB reserved,      29.05 MB (  3%) committed 

Chunk freelists:
   Non-Class:  37.00 KB
       Class:  14.00 KB
        Both:  51.00 KB

MaxMetaspaceSize: 17179869184.00 GB
CompressedClassSpaceSize: 1.00 GB
Initial GC threshold: 20.80 MB
Current GC threshold: 35.08 MB
CDS: off

CodeHeap 'non-profiled nmethods': size=120000Kb used=905Kb max_used=905Kb free=119094Kb
 bounds [0x00000202ade90000, 0x00000202ae100000, 0x00000202b53c0000]
CodeHeap 'profiled nmethods': size=120000Kb used=4788Kb max_used=4788Kb free=115211Kb
 bounds [0x00000202a6960000, 0x00000202a6e10000, 0x00000202ade90000]
CodeHeap 'non-nmethods': size=5760Kb used=1412Kb max_used=1418Kb free=4347Kb
 bounds [0x00000202a63c0000, 0x00000202a6630000, 0x00000202a6960000]
 total_blobs=3142 nmethods=2414 adapters=640
 compilation: enabled
              stopped_count=0, restarted_count=0
 full_count=0

Compilation events (20 events):
Event: 7.660 Thread 0x00000202c212e000 nmethod 2365 0x00000202a6de7d90 code [0x00000202a6de7f60, 0x00000202a6de8128]
Event: 7.660 Thread 0x00000202c212e000 2366       3       java.util.zip.ZipFile$InflaterCleanupAction::<init> (15 bytes)
Event: 7.661 Thread 0x00000202c212e000 nmethod 2366 0x00000202a6de8210 code [0x00000202a6de83c0, 0x00000202a6de85d8]
Event: 7.661 Thread 0x00000202c212e000 2367  s    3       java.util.jar.JarFile::getInputStream (72 bytes)
Event: 7.661 Thread 0x00000202c212e000 nmethod 2367 0x00000202a6de8690 code [0x00000202a6de88c0, 0x00000202a6de8ef8]
Event: 7.661 Thread 0x00000202c212e000 2368       3       java.util.zip.ZipFile$InflaterCleanupAction::run (12 bytes)
Event: 7.661 Thread 0x00000202c212e000 nmethod 2368 0x00000202a6de9090 code [0x00000202a6de9240, 0x00000202a6de9408]
Event: 7.661 Thread 0x00000202c212e000 2369   !   3       java.util.zip.ZipFile$CleanableResource::releaseInflater (53 bytes)
Event: 7.662 Thread 0x00000202c212e000 nmethod 2369 0x00000202a6de9510 code [0x00000202a6de9700, 0x00000202a6de9c08]
Event: 7.662 Thread 0x00000202c212e000 2370       3       sun.net.www.protocol.jar.Handler::parseURL (212 bytes)
Event: 7.663 Thread 0x00000202c212e000 nmethod 2370 0x00000202a6de9e10 code [0x00000202a6dea1a0, 0x00000202a6deb548]
Event: 7.663 Thread 0x00000202c212e000 2371       3       sun.net.www.protocol.jar.Handler::parseContextSpec (150 bytes)
Event: 7.663 Thread 0x00000202c2124000 2374       4       java.lang.String::<init> (55 bytes)
Event: 7.665 Thread 0x00000202c212e000 nmethod 2371 0x00000202a6debe10 code [0x00000202a6dec300, 0x00000202a6dee5d8]
Event: 7.665 Thread 0x00000202c212e000 2373       3       java.lang.ThreadLocal$ThreadLocalMap::getEntry (42 bytes)
Event: 7.665 Thread 0x00000202c212e000 nmethod 2373 0x00000202a6def190 code [0x00000202a6def360, 0x00000202a6def628]
Event: 7.665 Thread 0x00000202c212e000 2375       1       com.mysql.cj.conf.AbstractRuntimeProperty::getValue (5 bytes)
Event: 7.665 Thread 0x00000202c212e000 nmethod 2375 0x00000202adf6e390 code [0x00000202adf6e540, 0x00000202adf6e5f8]
Event: 7.665 Thread 0x00000202c212e000 2372   !   3       java.util.zip.ZipFile$ZipFileInflaterInputStream::close (67 bytes)
Event: 7.666 Thread 0x00000202c212e000 nmethod 2372 0x00000202a6def790 code [0x00000202a6def9a0, 0x00000202a6df00b8]

GC Heap History (4 events):
Event: 1.914 GC heap before
{Heap before GC invocations=0 (full 0):
 garbage-first heap   total 258048K, used 25600K [0x0000000704e00000, 0x0000000800000000)
  region size 1024K, 24 young (24576K), 0 survivors (0K)
 Metaspace       used 18118K, capacity 18547K, committed 18816K, reserved 1067008K
  class space    used 1885K, capacity 2082K, committed 2176K, reserved 1048576K
}
Event: 1.920 GC heap after
{Heap after GC invocations=1 (full 0):
 garbage-first heap   total 258048K, used 6004K [0x0000000704e00000, 0x0000000800000000)
  region size 1024K, 3 young (3072K), 3 survivors (3072K)
 Metaspace       used 18118K, capacity 18547K, committed 18816K, reserved 1067008K
  class space    used 1885K, capacity 2082K, committed 2176K, reserved 1048576K
}
Event: 5.692 GC heap before
{Heap before GC invocations=1 (full 0):
 garbage-first heap   total 258048K, used 13172K [0x0000000704e00000, 0x0000000800000000)
  region size 1024K, 9 young (9216K), 3 survivors (3072K)
 Metaspace       used 20677K, capacity 21216K, committed 21296K, reserved 1069056K
  class space    used 2156K, capacity 2418K, committed 2432K, reserved 1048576K
}
Event: 5.698 GC heap after
{Heap after GC invocations=2 (full 0):
 garbage-first heap   total 258048K, used 9485K [0x0000000704e00000, 0x0000000800000000)
  region size 1024K, 2 young (2048K), 2 survivors (2048K)
 Metaspace       used 20677K, capacity 21216K, committed 21296K, reserved 1069056K
  class space    used 2156K, capacity 2418K, committed 2432K, reserved 1048576K
}

Deoptimization events (20 events):
Event: 7.478 Thread 0x00000202c2c72800 DEOPT PACKING pc=0x00000202adf67000 sp=0x0000000d036f8dc0
Event: 7.478 Thread 0x00000202c2c72800 DEOPT UNPACKING pc=0x00000202a63c85af sp=0x0000000d036f8d68 mode 2
Event: 7.478 Thread 0x00000202c2c72800 Uncommon trap: trap_request=0xffffffc6 fr.pc=0x00000202adf67000 relative=0x00000000000002a0
Event: 7.478 Thread 0x00000202c2c72800 Uncommon trap: reason=bimorphic_or_optimized_type_check action=maybe_recompile pc=0x00000202adf67000 method=java.util.regex.Pattern$SliceI.match(Ljava/util/regex/Matcher;ILjava/lang/CharSequence;)Z @ 92 c2
Event: 7.478 Thread 0x00000202c2c72800 DEOPT PACKING pc=0x00000202adf67000 sp=0x0000000d036f8ca0
Event: 7.478 Thread 0x00000202c2c72800 DEOPT UNPACKING pc=0x00000202a63c85af sp=0x0000000d036f8c48 mode 2
Event: 7.478 Thread 0x00000202c2c72800 Uncommon trap: trap_request=0xffffffc6 fr.pc=0x00000202adf67000 relative=0x00000000000002a0
Event: 7.478 Thread 0x00000202c2c72800 Uncommon trap: reason=bimorphic_or_optimized_type_check action=maybe_recompile pc=0x00000202adf67000 method=java.util.regex.Pattern$SliceI.match(Ljava/util/regex/Matcher;ILjava/lang/CharSequence;)Z @ 92 c2
Event: 7.478 Thread 0x00000202c2c72800 DEOPT PACKING pc=0x00000202adf67000 sp=0x0000000d036f8b80
Event: 7.478 Thread 0x00000202c2c72800 DEOPT UNPACKING pc=0x00000202a63c85af sp=0x0000000d036f8b28 mode 2
Event: 7.564 Thread 0x00000202c2c72800 Uncommon trap: trap_request=0xffffffde fr.pc=0x00000202adef42e8 relative=0x0000000000000e48
Event: 7.564 Thread 0x00000202c2c72800 Uncommon trap: reason=class_check action=maybe_recompile pc=0x00000202adef42e8 method=java.util.HashMap.putVal(ILjava/lang/Object;Ljava/lang/Object;ZZ)Ljava/lang/Object; @ 253 c2
Event: 7.564 Thread 0x00000202c2c72800 DEOPT PACKING pc=0x00000202adef42e8 sp=0x0000000d036fa1c0
Event: 7.564 Thread 0x00000202c2c72800 DEOPT UNPACKING pc=0x00000202a63c85af sp=0x0000000d036fa0f8 mode 2
Event: 7.565 Thread 0x00000202c2c72800 Uncommon trap: trap_request=0xffffffde fr.pc=0x00000202adef42e8 relative=0x0000000000000e48
Event: 7.565 Thread 0x00000202c2c72800 Uncommon trap: reason=class_check action=maybe_recompile pc=0x00000202adef42e8 method=java.util.HashMap.putVal(ILjava/lang/Object;Ljava/lang/Object;ZZ)Ljava/lang/Object; @ 253 c2
Event: 7.565 Thread 0x00000202c2c72800 DEOPT PACKING pc=0x00000202adef42e8 sp=0x0000000d036fa1c0
Event: 7.565 Thread 0x00000202c2c72800 DEOPT UNPACKING pc=0x00000202a63c85af sp=0x0000000d036fa0f8 mode 2
Event: 7.646 Thread 0x00000202c2c72800 DEOPT PACKING pc=0x00000202a6db2a0e sp=0x0000000d036f9bc0
Event: 7.646 Thread 0x00000202c2c72800 DEOPT UNPACKING pc=0x00000202a6409d0e sp=0x0000000d036f8ff0 mode 0

Classes redefined (0 events):
No events

Internal exceptions (20 events):
Event: 0.861 Thread 0x000002029dc5b000 Exception <a 'java/lang/NoSuchMethodError'{0x0000000713f5f230}: 'java.lang.Object java.lang.invoke.DirectMethodHandle$Holder.invokeStatic(java.lang.Object, java.lang.Object, java.lang.Object, java.lang.Object, java.lang.Object, java.lang.Object, java.lang.Object, java.lang.Object, java.lang.Object, java.lang.Object, java.lang.Object, int, int)'> (0x0000000713f5f230) thrown at [s\src\hotspot\share\interpreter\linkResolver.cpp, line 773]
Event: 0.863 Thread 0x000002029dc5b000 Exception <a 'java/lang/NoSuchMethodError'{0x0000000713f7e270}: 'java.lang.Object java.lang.invoke.DirectMethodHandle$Holder.invokeStatic(java.lang.Object, java.lang.Object, java.lang.Object, java.lang.Object, java.lang.Object, java.lang.Object, java.lang.Object, java.lang.Object, java.lang.Object, java.lang.Object, java.lang.Object, int, int, java.lang.Object)'> (0x0000000713f7e270) thrown at [s\src\hotspot\share\interpreter\linkResolver.cpp, line 773]
Event: 0.865 Thread 0x000002029dc5b000 Exception <a 'java/lang/NoSuchMethodError'{0x0000000713f9e688}: 'java.lang.Object java.lang.invoke.DirectMethodHandle$Holder.invokeStatic(java.lang.Object, java.lang.Object, java.lang.Object, java.lang.Object, java.lang.Object, java.lang.Object, java.lang.Object, java.lang.Object, java.lang.Object, java.lang.Object, java.lang.Object, int, int, java.lang.Object, java.lang.Object)'> (0x0000000713f9e688) thrown at [s\src\hotspot\share\interpreter\linkResolver.cpp, line 773]
Event: 0.904 Thread 0x000002029dc5b000 Exception <a 'java/lang/ClassNotFoundException'{0x0000000713ff5078}: com/sun/swing/internal/plaf/synth/resources/spi/synthProvider> (0x0000000713ff5078) thrown at [s\src\hotspot\share\classfile\systemDictionary.cpp, line 230]
Event: 1.561 Thread 0x00000202c5149800 Implicit null exception at 0x00000202adef7e5a to 0x00000202adef7f58
Event: 1.570 Thread 0x00000202c5149800 Implicit null exception at 0x00000202adedc3f7 to 0x00000202adedc918
Event: 1.570 Thread 0x00000202c5149800 Implicit null exception at 0x00000202adedaff4 to 0x00000202adedb528
Event: 1.908 Thread 0x000002029dc5b000 Exception <a 'java/lang/NoSuchMethodError'{0x00000007132c4928}: 'void java.lang.invoke.DirectMethodHandle$Holder.invokeStaticInit(java.lang.Object)'> (0x00000007132c4928) thrown at [s\src\hotspot\share\interpreter\linkResolver.cpp, line 773]
Event: 1.925 Thread 0x000002029dc5b000 Exception <a 'java/lang/NoSuchMethodError'{0x000000071491c3e8}: 'java.lang.Object java.lang.invoke.Invokers$Holder.linkToTargetMethod(java.lang.Object, int, java.lang.Object)'> (0x000000071491c3e8) thrown at [s\src\hotspot\share\interpreter\linkResolver.cpp, line 773]
Event: 2.166 Thread 0x00000202c2837000 Exception <a 'java/lang/NoSuchMethodError'{0x0000000714702710}: 'void java.lang.invoke.DirectMethodHandle$Holder.invokeVirtual(java.lang.Object, java.lang.Object)'> (0x0000000714702710) thrown at [s\src\hotspot\share\interpreter\linkResolver.cpp, line 773]
Event: 5.705 Thread 0x00000202c2c72800 Exception <a 'java/lang/NoSuchMethodError'{0x000000071491a200}: 'java.lang.Object java.lang.invoke.DirectMethodHandle$Holder.invokeVirtual(java.lang.Object, java.lang.Object, java.lang.Object)'> (0x000000071491a200) thrown at [s\src\hotspot\share\interpreter\linkResolver.cpp, line 773]
Event: 6.032 Thread 0x00000202c2c72800 Exception <a 'java/lang/NoSuchMethodError'{0x0000000714039ae0}: 'void java.lang.invoke.DirectMethodHandle$Holder.invokeStaticInit(java.lang.Object, java.lang.Object)'> (0x0000000714039ae0) thrown at [s\src\hotspot\share\interpreter\linkResolver.cpp, line 773]
Event: 6.131 Thread 0x00000202c2c72800 Exception <a 'sun/nio/fs/WindowsException'{0x0000000713fba2a8}> (0x0000000713fba2a8) thrown at [s\src\hotspot\share\prims\jni.cpp, line 617]
Event: 6.153 Thread 0x00000202c2c72800 Exception <a 'java/lang/NoSuchMethodError'{0x0000000713fdb9a0}: 'int java.lang.invoke.DirectMethodHandle$Holder.invokeStaticInit(java.lang.Object, java.lang.Object, java.lang.Object, java.lang.Object)'> (0x0000000713fdb9a0) thrown at [s\src\hotspot\share\interpreter\linkResolver.cpp, line 773]
Event: 6.154 Thread 0x00000202c2c72800 Exception <a 'java/lang/IncompatibleClassChangeError'{0x0000000713fe4b00}: Found class java.lang.Object, but interface was expected> (0x0000000713fe4b00) thrown at [s\src\hotspot\share\interpreter\linkResolver.cpp, line 839]
Event: 6.154 Thread 0x00000202c2c72800 Exception <a 'java/lang/NoSuchMethodError'{0x0000000713fea0d8}: 'int java.lang.invoke.DirectMethodHandle$Holder.invokeStaticInit(java.lang.Object, java.lang.Object)'> (0x0000000713fea0d8) thrown at [s\src\hotspot\share\interpreter\linkResolver.cpp, line 773]
Event: 6.188 Thread 0x00000202c2c72800 Exception <a 'java/lang/NoSuchMethodError'{0x0000000713e9dce0}: 'java.lang.Object java.lang.invoke.DirectMethodHandle$Holder.invokeStatic(java.lang.Object, int, int, int, int)'> (0x0000000713e9dce0) thrown at [s\src\hotspot\share\interpreter\linkResolver.cpp, line 773]
Event: 6.189 Thread 0x00000202c2c72800 Exception <a 'java/lang/NoSuchMethodError'{0x0000000713ea10b0}: 'java.lang.Object java.lang.invoke.DirectMethodHandle$Holder.invokeStaticInit(java.lang.Object, int, int, int, int)'> (0x0000000713ea10b0) thrown at [s\src\hotspot\share\interpreter\linkResolver.cpp, line 773]
Event: 7.163 Thread 0x00000202c2c72800 Exception <a 'java/lang/NoSuchMethodError'{0x0000000713d038d8}: 'java.lang.Object java.lang.invoke.DirectMethodHandle$Holder.invokeStatic(java.lang.Object, java.lang.Object, int, int, int, int)'> (0x0000000713d038d8) thrown at [s\src\hotspot\share\interpreter\linkResolver.cpp, line 773]
Event: 7.163 Thread 0x00000202c2c72800 Exception <a 'java/lang/NoSuchMethodError'{0x0000000713d06ed8}: 'java.lang.Object java.lang.invoke.DirectMethodHandle$Holder.invokeStaticInit(java.lang.Object, java.lang.Object, int, int, int, int)'> (0x0000000713d06ed8) thrown at [s\src\hotspot\share\interpreter\linkResolver.cpp, line 773]

Events (20 events):
Event: 7.657 loading class com/mysql/cj/exceptions/DataReadException
Event: 7.657 loading class com/mysql/cj/exceptions/DataReadException done
Event: 7.658 loading class com/mysql/cj/result/DefaultColumnDefinition$1
Event: 7.658 loading class com/mysql/cj/result/DefaultColumnDefinition$1 done
Event: 7.659 loading class com/mysql/cj/protocol/a/result/ByteArrayRow
Event: 7.659 loading class com/mysql/cj/protocol/a/result/ByteArrayRow done
Event: 7.659 loading class com/mysql/cj/protocol/result/AbstractResultsetRow
Event: 7.659 loading class com/mysql/cj/protocol/result/AbstractResultsetRow done
Event: 7.660 loading class com/mysql/cj/protocol/a/result/ResultsetRowsStatic
Event: 7.660 loading class com/mysql/cj/protocol/a/result/ResultsetRowsStatic done
Event: 7.661 loading class com/mysql/cj/protocol/a/result/AbstractResultsetRows
Event: 7.661 loading class com/mysql/cj/protocol/a/result/AbstractResultsetRows done
Event: 7.661 loading class com/mysql/cj/result/StringValueFactory
Event: 7.661 loading class com/mysql/cj/result/StringValueFactory done
Event: 7.662 loading class com/mysql/cj/protocol/InternalDate
Event: 7.662 loading class com/mysql/cj/protocol/InternalDate done
Event: 7.662 loading class com/mysql/cj/protocol/InternalTimestamp
Event: 7.662 loading class com/mysql/cj/protocol/InternalTimestamp done
Event: 7.663 loading class com/mysql/cj/LicenseConfiguration
Event: 7.663 loading class com/mysql/cj/LicenseConfiguration done


Dynamic libraries:
0x00007ff74ad40000 - 0x00007ff74ad4e000 	C:\Users\baris.karapelit\.jdks\corretto-11.0.21\bin\java.exe
0x00007ffd173d0000 - 0x00007ffd175c8000 	C:\WINDOWS\SYSTEM32\ntdll.dll
0x00007ffd160e0000 - 0x00007ffd1619d000 	C:\WINDOWS\System32\KERNEL32.DLL
0x00007ffd14ab0000 - 0x00007ffd14da6000 	C:\WINDOWS\System32\KERNELBASE.dll
0x0000000050d60000 - 0x0000000050dfe000 	C:\ProgramData\Symantec\Symantec Endpoint Protection\14.3.9681.7000.105\Data\Sysfer\x64\sysfer.dll
0x00007ffd14e70000 - 0x00007ffd14f70000 	C:\WINDOWS\System32\ucrtbase.dll
0x00007ffcfe1b0000 - 0x00007ffcfe1c7000 	C:\Users\baris.karapelit\.jdks\corretto-11.0.21\bin\jli.dll
0x00007ffcf5f70000 - 0x00007ffcf5f8b000 	C:\Users\baris.karapelit\.jdks\corretto-11.0.21\bin\VCRUNTIME140.dll
0x00007ffd16c70000 - 0x00007ffd16e0e000 	C:\WINDOWS\System32\USER32.dll
0x00007ffd14f70000 - 0x00007ffd14f92000 	C:\WINDOWS\System32\win32u.dll
0x00007ffcf1cd0000 - 0x00007ffcf1f6a000 	C:\WINDOWS\WinSxS\amd64_microsoft.windows.common-controls_6595b64144ccf1df_6.0.19041.3636_none_60b6a03d71f818d5\COMCTL32.dll
0x00007ffd160b0000 - 0x00007ffd160dc000 	C:\WINDOWS\System32\GDI32.dll
0x00007ffd154e0000 - 0x00007ffd1557e000 	C:\WINDOWS\System32\msvcrt.dll
0x00007ffd15060000 - 0x00007ffd1517a000 	C:\WINDOWS\System32\gdi32full.dll
0x00007ffd15180000 - 0x00007ffd1521d000 	C:\WINDOWS\System32\msvcp_win.dll
0x00007ffd17300000 - 0x00007ffd17308000 	C:\WINDOWS\System32\psapi.dll
0x00007ffd15760000 - 0x00007ffd15790000 	C:\WINDOWS\System32\IMM32.DLL
0x0000000050ce0000 - 0x0000000050d52000 	C:\WINDOWS\System32\QIPCAP64.dll
0x00007ffd15940000 - 0x00007ffd16084000 	C:\WINDOWS\System32\SHELL32.dll
0x00007ffd15430000 - 0x00007ffd154de000 	C:\WINDOWS\System32\ADVAPI32.dll
0x00007ffd16ff0000 - 0x00007ffd1708c000 	C:\WINDOWS\System32\sechost.dll
0x00007ffd17090000 - 0x00007ffd171b6000 	C:\WINDOWS\System32\RPCRT4.dll
0x00007ffd13f00000 - 0x00007ffd13fca000 	C:\WINDOWS\SYSTEM32\DNSAPI.dll
0x00007ffd13eb0000 - 0x00007ffd13eeb000 	C:\WINDOWS\SYSTEM32\IPHLPAPI.DLL
0x00007ffd17280000 - 0x00007ffd17288000 	C:\WINDOWS\System32\NSI.dll
0x00007ffd02a80000 - 0x00007ffd02a8c000 	C:\Users\baris.karapelit\.jdks\corretto-11.0.21\bin\vcruntime140_1.dll
0x00007ffcab240000 - 0x00007ffcab2cd000 	C:\Users\baris.karapelit\.jdks\corretto-11.0.21\bin\msvcp140.dll
0x00007ffc8f660000 - 0x00007ffc90223000 	C:\Users\baris.karapelit\.jdks\corretto-11.0.21\bin\server\jvm.dll
0x00007ffcf03d0000 - 0x00007ffcf03d9000 	C:\WINDOWS\SYSTEM32\WSOCK32.dll
0x00007ffd17290000 - 0x00007ffd172fb000 	C:\WINDOWS\System32\WS2_32.dll
0x00007ffd02860000 - 0x00007ffd02887000 	C:\WINDOWS\SYSTEM32\WINMM.dll
0x00007ffd12410000 - 0x00007ffd1241a000 	C:\WINDOWS\SYSTEM32\VERSION.dll
0x00007ffd13210000 - 0x00007ffd13222000 	C:\WINDOWS\SYSTEM32\kernel.appcore.dll
0x00007ffd00c00000 - 0x00007ffd00c10000 	C:\Users\baris.karapelit\.jdks\corretto-11.0.21\bin\verify.dll
0x00007ffd121e0000 - 0x00007ffd123c4000 	C:\WINDOWS\SYSTEM32\DBGHELP.DLL
0x00007ffcf3e30000 - 0x00007ffcf3e64000 	C:\WINDOWS\SYSTEM32\dbgcore.DLL
0x00007ffd14fd0000 - 0x00007ffd15052000 	C:\WINDOWS\System32\bcryptPrimitives.dll
0x00007ffcbefa0000 - 0x00007ffcbefc8000 	C:\Users\baris.karapelit\.jdks\corretto-11.0.21\bin\java.dll
0x00007ffd00750000 - 0x00007ffd0075a000 	C:\Users\baris.karapelit\.jdks\corretto-11.0.21\bin\jimage.dll
0x00007ffd006f0000 - 0x00007ffd006fe000 	C:\Users\baris.karapelit\.jdks\corretto-11.0.21\bin\instrument.dll
0x00007ffcf5640000 - 0x00007ffcf5658000 	C:\Users\baris.karapelit\.jdks\corretto-11.0.21\bin\zip.dll
0x00007ffd12420000 - 0x00007ffd12bbb000 	C:\WINDOWS\SYSTEM32\windows.storage.dll
0x00007ffd161a0000 - 0x00007ffd164f4000 	C:\WINDOWS\System32\combase.dll
0x00007ffd14410000 - 0x00007ffd1443d000 	C:\WINDOWS\SYSTEM32\Wldp.dll
0x00007ffd15580000 - 0x00007ffd1562d000 	C:\WINDOWS\System32\SHCORE.dll
0x00007ffd15630000 - 0x00007ffd15685000 	C:\WINDOWS\System32\shlwapi.dll
0x00007ffd149e0000 - 0x00007ffd14a05000 	C:\WINDOWS\SYSTEM32\profapi.dll
0x00007ffd11240000 - 0x00007ffd11259000 	C:\Users\baris.karapelit\.jdks\corretto-11.0.21\bin\net.dll
0x00007ffd0e4a0000 - 0x00007ffd0e5aa000 	C:\WINDOWS\SYSTEM32\WINHTTP.dll
0x00007ffd141f0000 - 0x00007ffd1425a000 	C:\WINDOWS\system32\mswsock.dll
0x00007ffd11220000 - 0x00007ffd11232000 	C:\Users\baris.karapelit\.jdks\corretto-11.0.21\bin\nio.dll
0x00007ffd11200000 - 0x00007ffd1121a000 	C:\Program Files\JetBrains\IntelliJ IDEA 2023.2.2\bin\breakgen64.dll
0x00007ffca7640000 - 0x00007ffca77c2000 	C:\Users\baris.karapelit\.jdks\corretto-11.0.21\bin\awt.dll
0x00007ffd15690000 - 0x00007ffd1575d000 	C:\WINDOWS\System32\OLEAUT32.dll
0x00007ffd10510000 - 0x00007ffd105a0000 	C:\WINDOWS\SYSTEM32\apphelp.dll
0x00007ffd11850000 - 0x00007ffd118ee000 	C:\WINDOWS\system32\uxtheme.dll
0x00007ffc9e540000 - 0x00007ffc9e721000 	C:\Program Files (x86)\Stardock\Fences\FencesMenu64.dll
0x00007ffd16ec0000 - 0x00007ffd16feb000 	C:\WINDOWS\System32\ole32.dll
0x00007ffd14960000 - 0x00007ffd1498e000 	C:\WINDOWS\SYSTEM32\USERENV.dll
0x00007ffd0ea20000 - 0x00007ffd0ea34000 	C:\WINDOWS\SYSTEM32\WTSAPI32.dll
0x00007ffcf0e80000 - 0x00007ffcf1025000 	C:\WINDOWS\WinSxS\amd64_microsoft.windows.gdiplus_6595b64144ccf1df_1.1.19041.3636_none_91a19322cc8a92a3\gdiplus.dll
0x00000202c3010000 - 0x00000202c3124000 	C:\WINDOWS\System32\MSCTF.dll
0x00007ffd11b30000 - 0x00007ffd11b5f000 	C:\WINDOWS\system32\DWMAPI.DLL
0x00007ffcf11b0000 - 0x00007ffcf1237000 	C:\Users\baris.karapelit\.jdks\corretto-11.0.21\bin\freetype.dll
0x00007ffcaba80000 - 0x00007ffcabb53000 	C:\Users\baris.karapelit\.jdks\corretto-11.0.21\bin\fontmanager.dll
0x00007ffcec930000 - 0x00007ffceca55000 	C:\WINDOWS\system32\opengl32.dll
0x00007ffcebbf0000 - 0x00007ffcebc1c000 	C:\WINDOWS\SYSTEM32\GLU32.dll
0x00000202c37a0000 - 0x00000202c3849000 	C:\WINDOWS\System32\clbcatq.dll
0x00007ffd11650000 - 0x00007ffd11804000 	C:\WINDOWS\SYSTEM32\WindowsCodecs.dll
0x00007ffd14fa0000 - 0x00007ffd14fc7000 	C:\WINDOWS\System32\bcrypt.dll
0x00007ffccd780000 - 0x00007ffccd7be000 	C:\WINDOWS\system32\dataexchange.dll
0x00007ffd0f750000 - 0x00007ffd0f9b3000 	C:\WINDOWS\system32\d3d11.dll
0x00007ffd10940000 - 0x00007ffd10b23000 	C:\WINDOWS\system32\dcomp.dll
0x00007ffd13110000 - 0x00007ffd13203000 	C:\WINDOWS\system32\dxgi.dll
0x00007ffd0bef0000 - 0x00007ffd0c0f7000 	C:\WINDOWS\system32\twinapi.appcore.dll
0x00007ffd00300000 - 0x00007ffd003fa000 	C:\WINDOWS\SYSTEM32\textinputframework.dll
0x00007ffd0f9c0000 - 0x00007ffd0fd1b000 	C:\WINDOWS\System32\CoreUIComponents.dll
0x00007ffd0fd30000 - 0x00007ffd0fe22000 	C:\WINDOWS\System32\CoreMessaging.dll
0x00007ffd13c10000 - 0x00007ffd13c43000 	C:\WINDOWS\SYSTEM32\ntmarta.dll
0x00007ffd10b70000 - 0x00007ffd10cc5000 	C:\WINDOWS\SYSTEM32\wintypes.dll
0x00007ffcf4b20000 - 0x00007ffcf4b86000 	C:\WINDOWS\system32\Oleacc.dll
0x0000000180000000 - 0x000000018006f000 	C:\Program Files (x86)\DisplayFusion\Hooks\AppHook64_6F294175-2422-4E9F-A373-FC631DA1DACA.dll
0x00007ffcff6a0000 - 0x00007ffcff6c7000 	C:\Users\baris.karapelit\.jdks\corretto-11.0.21\bin\sunec.dll
0x00007ffd14450000 - 0x00007ffd14468000 	C:\WINDOWS\SYSTEM32\CRYPTSP.dll
0x00007ffd13ad0000 - 0x00007ffd13b04000 	C:\WINDOWS\system32\rsaenh.dll
0x00007ffd14380000 - 0x00007ffd1438c000 	C:\WINDOWS\SYSTEM32\CRYPTBASE.dll
0x00007ffd0e200000 - 0x00007ffd0e217000 	C:\WINDOWS\SYSTEM32\dhcpcsvc6.DLL
0x00007ffd0e1e0000 - 0x00007ffd0e1fd000 	C:\WINDOWS\SYSTEM32\dhcpcsvc.DLL
0x00007ffcff640000 - 0x00007ffcff64e000 	C:\Users\baris.karapelit\.jdks\corretto-11.0.21\bin\sunmscapi.dll
0x00007ffd152d0000 - 0x00007ffd1542d000 	C:\WINDOWS\System32\CRYPT32.dll
0x00007ffd14540000 - 0x00007ffd14567000 	C:\WINDOWS\SYSTEM32\ncrypt.dll
0x00007ffd14500000 - 0x00007ffd1453b000 	C:\WINDOWS\SYSTEM32\NTASN1.dll

dbghelp: loaded successfully - version: 4.0.5 - missing functions: none
symbol engine: initialized successfully - sym options: 0x614 - pdb path: .;C:\Users\baris.karapelit\.jdks\corretto-11.0.21\bin;C:\WINDOWS\SYSTEM32;C:\ProgramData\Symantec\Symantec Endpoint Protection\14.3.9681.7000.105\Data\Sysfer\x64;C:\WINDOWS\WinSxS\amd64_microsoft.windows.common-controls_6595b64144ccf1df_6.0.19041.3636_none_60b6a03d71f818d5;C:\Users\baris.karapelit\.jdks\corretto-11.0.21\bin\server;C:\Program Files\JetBrains\IntelliJ IDEA 2023.2.2\bin;C:\Program Files (x86)\Stardock\Fences;C:\WINDOWS\WinSxS\amd64_microsoft.windows.gdiplus_6595b64144ccf1df_1.1.19041.3636_none_91a19322cc8a92a3;C:\Program Files (x86)\DisplayFusion\Hooks

VM Arguments:
jvm_args: -javaagent:C:\Program Files\JetBrains\IntelliJ IDEA 2023.2.2\lib\idea_rt.jar=61401:C:\Program Files\JetBrains\IntelliJ IDEA 2023.2.2\bin -Dfile.encoding=UTF-8 
java_command: View.LoginGUI
java_class_path (initial): C:\VienalifeProject\TourismAgencySystem\out\production\TourismAgencySystem;C:\VienalifeProject\TourismAgencySystem\src\mysql-connector-j-8.1.0.jar
Launcher Type: SUN_STANDARD

[Global flags]
     intx CICompilerCount                          = 4                                         {product} {ergonomic}
     uint ConcGCThreads                            = 2                                         {product} {ergonomic}
     uint G1ConcRefinementThreads                  = 8                                         {product} {ergonomic}
   size_t G1HeapRegionSize                         = 1048576                                   {product} {ergonomic}
    uintx GCDrainStackTargetSize                   = 64                                        {product} {ergonomic}
   size_t InitialHeapSize                          = 264241152                                 {product} {ergonomic}
   size_t MarkStackSize                            = 4194304                                   {product} {ergonomic}
   size_t MaxHeapSize                              = 4213178368                                {product} {ergonomic}
   size_t MaxNewSize                               = 2527068160                                {product} {ergonomic}
   size_t MinHeapDeltaBytes                        = 1048576                                   {product} {ergonomic}
    uintx NonNMethodCodeHeapSize                   = 5836300                                {pd product} {ergonomic}
    uintx NonProfiledCodeHeapSize                  = 122910970                              {pd product} {ergonomic}
    uintx ProfiledCodeHeapSize                     = 122910970                              {pd product} {ergonomic}
    uintx ReservedCodeCacheSize                    = 251658240                              {pd product} {ergonomic}
     bool SegmentedCodeCache                       = true                                      {product} {ergonomic}
     bool UseCompressedClassPointers               = true                                 {lp64_product} {ergonomic}
     bool UseCompressedOops                        = true                                 {lp64_product} {ergonomic}
     bool UseG1GC                                  = true                                      {product} {ergonomic}
     bool UseLargePagesIndividualAllocation        = false                                  {pd product} {ergonomic}

Logging:
Log output configuration:
 #0: stdout all=warning uptime,level,tags
 #1: stderr all=off uptime,level,tags

Environment Variables:
JAVA_HOME=C:\Program Files\Java\jdk-11.0.2
PATH=C:\Program Files\Microsoft\jdk-11.0.16.101-hotspot\bin;C:\Python311\Scripts\;C:\Python311\;C:\Program Files\Common Files\Oracle\Java\javapath;C:\Users\baris.karapelit\apache-maven-3.8.6\bin;C:\Python310\Scripts\;C:\Python310\;C:\Program Files (x86)\Common Files\Oracle\Java\javapath;C:\WINDOWS\system32;C:\WINDOWS;C:\WINDOWS\System32\Wbem;C:\WINDOWS\System32\WindowsPowerShell\v1.0\;C:\WINDOWS\System32\OpenSSH\;C:\Program Files\Git\cmd;C:\ProgramData\chocolatey\bin;C:\Users\baris.karapelit\apache-maven-3.8.6\bin;C:\Users\baris.karapelit\AppData\Local\Microsoft\WindowsApps;C:\Users\baris.karapelit\AppData\Roaming\npm;C:\Users\baris.karapelit\Maven\apache-maven-3.8.6-bin\apache-maven-3.8.6\bin;C:\Program Files\Java\jdk-11.0.2\bin;C:\Users\baris.karapelit\AppData\Roaming\nvm;C:\Program Files\nodejs;C:\Program Files\PuTTY\;C:\Program Files\dotnet\;C:\Program Files\Microsoft SQL Server\150\Tools\Binn\;C:\Program Files\Docker\Docker\resources\bin;C:\Program Files\PowerShell\7\;C:\WINDOWS\system32\config\systemprofile\AppData\Local\Microsoft\WindowsApps;C:\Users\baris.karapelit\AppData\Local\Programs\Microsoft VS Code\bin;C:\Users\baris.karapelit\AppData\Roaming\nvm;C:\Program Files\nodejs;C:\Program Files\JetBrains\DataGrip 2022.2.5\bin;;C:\Program Files\JetBrains\WebStorm 2022.2.3\bin;;C:\Program Files\Java\jdk1.8.0_202\bin;C:\Program Files\JetBrains\IntelliJ IDEA Community Edition 2023.1.1\bin;;C:\Program Files\JetBrains\IntelliJ IDEA 2023.2.2\bin;;;C:\Users\baris.karapelit\AppData\Local\Programs\Lens\resources\cli\bin
USERNAME=baris.karapelit
OS=Windows_NT
PROCESSOR_IDENTIFIER=Intel64 Family 6 Model 140 Stepping 1, GenuineIntel
TMP=C:\Users\BARIS~1.KAR\AppData\Local\Temp
TEMP=C:\Users\BARIS~1.KAR\AppData\Local\Temp



---------------  S Y S T E M  ---------------

OS: Windows 10 , 64 bit Build 19041 (10.0.19041.3636)
OS uptime: 7 days 20:45 hours
Hyper-V role detected

CPU:total 8 (initial active 8) (4 cores per cpu, 2 threads per core) family 6 model 140 stepping 1 microcode 0xac, cmov, cx8, fxsr, mmx, sse, sse2, sse3, ssse3, sse4.1, sse4.2, popcnt, avx, avx2, aes, clmul, erms, 3dnowpref, lzcnt, ht, tsc, tscinvbit, bmi1, bmi2, adx, evex, sha, fma

Memory: 4k page, system-wide physical 16064M (399M free)
TotalPageFile size 65216M (AvailPageFile size 0M)
current process WorkingSet (physical memory assigned to process): 129M, peak: 129M
current process commit charge ("private bytes"): 380M, peak: 380M

vm_info: OpenJDK 64-Bit Server VM (11.0.21+9-LTS) for windows-amd64 JRE (11.0.21+9-LTS), built on Oct  9 2023 18:37:11 by "Administrator" with MS VC++ 16.10 / 16.11 (VS2019)

END.
